###############################################################
#  Generated by:      Cadence Encounter 14.23-s044_1
#  OS:                Linux x86_64(Host ID cadpc04)
#  Generated on:      Tue May 14 23:19:03 2019
#  Design:            cacheBank
#  Command:           verifyMetalDensity -report cacheBank.density.rpt
###############################################################

Verify Density report created on Tue May 14 23:19:03 2019

###############################################################
# Layer       M1 - Window size      : 200.0um X 200.0um
# Layer       M1 - Window step      : 100.0um X 100.0um
# Layer       M1 - Min Density      : 20%
# Layer       M1 - Pref Density     : 35%
# Layer       M1 - Max Density      : 80%
# Layer       M1 - Ext Density      : 35%
# Layer       M2 - Window size      : 200.0um X 200.0um
# Layer       M2 - Window step      : 100.0um X 100.0um
# Layer       M2 - Min Density      : 20%
# Layer       M2 - Pref Density     : 35%
# Layer       M2 - Max Density      : 80%
# Layer       M2 - Ext Density      : 35%
# Layer       M3 - Window size      : 200.0um X 200.0um
# Layer       M3 - Window step      : 100.0um X 100.0um
# Layer       M3 - Min Density      : 20%
# Layer       M3 - Pref Density     : 35%
# Layer       M3 - Max Density      : 80%
# Layer       M3 - Ext Density      : 35%
# Layer       M4 - Window size      : 200.0um X 200.0um
# Layer       M4 - Window step      : 100.0um X 100.0um
# Layer       M4 - Min Density      : 20%
# Layer       M4 - Pref Density     : 35%
# Layer       M4 - Max Density      : 80%
# Layer       M4 - Ext Density      : 35%
# Layer       M5 - Window size      : 200.0um X 200.0um
# Layer       M5 - Window step      : 100.0um X 100.0um
# Layer       M5 - Min Density      : 20%
# Layer       M5 - Pref Density     : 35%
# Layer       M5 - Max Density      : 80%
# Layer       M5 - Ext Density      : 35%
# Layer       M6 - Window size      : 200.0um X 200.0um
# Layer       M6 - Window step      : 100.0um X 100.0um
# Layer       M6 - Min Density      : 20%
# Layer       M6 - Pref Density     : 35%
# Layer       M6 - Max Density      : 80%
# Layer       M6 - Ext Density      : 35%
# Layer       M7 - Window size      : 200.0um X 200.0um
# Layer       M7 - Window step      : 100.0um X 100.0um
# Layer       M7 - Min Density      : 20%
# Layer       M7 - Pref Density     : 35%
# Layer       M7 - Max Density      : 80%
# Layer       M7 - Ext Density      : 35%
# Layer       M8 - Window size      : 200.0um X 200.0um
# Layer       M8 - Window step      : 100.0um X 100.0um
# Layer       M8 - Min Density      : 20%
# Layer       M8 - Pref Density     : 35%
# Layer       M8 - Max Density      : 80%
# Layer       M8 - Ext Density      : 35%
###############################################################


    Layer    Density(%)          Window  
***************************************************

      M5        0.00    (0 0) (200 200)
      M5        0.00    (100 0) (300 200)
      M5        0.00    (200 0) (400 200)
      M5        0.00    (300 0) (500 200)
      M5        0.00    (400 0) (600 200)
      M5        0.00    (500 0) (700 200)
      M5        0.00    (596.5 0) (796.5 200)
      M5        0.00    (0 100) (200 300)
      M5        0.00    (100 100) (300 300)
      M5        0.00    (200 100) (400 300)
      M5        0.00    (300 100) (500 300)
      M5        0.00    (400 100) (600 300)
      M5        0.00    (500 100) (700 300)
      M5        0.00    (596.5 100) (796.5 300)
      M5        0.00    (0 200) (200 400)
      M5        0.00    (100 200) (300 400)
      M5        0.00    (200 200) (400 400)
      M5        0.00    (300 200) (500 400)
      M5        0.00    (400 200) (600 400)
      M5        0.00    (500 200) (700 400)
      M5        0.00    (596.5 200) (796.5 400)
      M5        0.00    (0 300) (200 500)
      M5        0.00    (100 300) (300 500)
      M5        0.00    (200 300) (400 500)
      M5        0.00    (300 300) (500 500)
      M5        0.00    (400 300) (600 500)
      M5        0.00    (500 300) (700 500)
      M5        0.00    (596.5 300) (796.5 500)
      M5        0.00    (0 400) (200 600)
      M5        0.00    (100 400) (300 600)
      M5        0.00    (200 400) (400 600)
      M5        0.00    (300 400) (500 600)
      M5        0.00    (400 400) (600 600)
      M5        0.00    (500 400) (700 600)
      M5        0.00    (596.5 400) (796.5 600)
      M5        0.00    (0 500) (200 700)
      M5        0.00    (100 500) (300 700)
      M5        0.00    (200 500) (400 700)
      M5        0.00    (300 500) (500 700)
      M5        0.00    (400 500) (600 700)
      M5        0.00    (500 500) (700 700)
      M5        0.00    (596.5 500) (796.5 700)
      M5        0.00    (0 516) (200 716)
      M5        0.00    (100 516) (300 716)
      M5        0.00    (200 516) (400 716)
      M5        0.00    (300 516) (500 716)
      M5        0.00    (400 516) (600 716)
      M5        0.00    (500 516) (700 716)
      M5        0.00    (596.5 516) (796.5 716)

      M6        0.00    (0 0) (200 200)
      M6        0.00    (100 0) (300 200)
      M6        0.00    (200 0) (400 200)
      M6        0.00    (300 0) (500 200)
      M6        0.00    (400 0) (600 200)
      M6        0.00    (500 0) (700 200)
      M6        0.00    (596.5 0) (796.5 200)
      M6        0.00    (0 100) (200 300)
      M6        0.00    (100 100) (300 300)
      M6        0.00    (200 100) (400 300)
      M6        0.00    (300 100) (500 300)
      M6        0.00    (400 100) (600 300)
      M6        0.00    (500 100) (700 300)
      M6        0.00    (596.5 100) (796.5 300)
      M6        0.00    (0 200) (200 400)
      M6        0.00    (100 200) (300 400)
      M6        0.00    (200 200) (400 400)
      M6        0.00    (300 200) (500 400)
      M6        0.00    (400 200) (600 400)
      M6        0.00    (500 200) (700 400)
      M6        0.00    (596.5 200) (796.5 400)
      M6        0.00    (0 300) (200 500)
      M6        0.00    (100 300) (300 500)
      M6        0.00    (200 300) (400 500)
      M6        0.00    (300 300) (500 500)
      M6        0.00    (400 300) (600 500)
      M6        0.00    (500 300) (700 500)
      M6        0.00    (596.5 300) (796.5 500)
      M6        0.00    (0 400) (200 600)
      M6        0.00    (100 400) (300 600)
      M6        0.00    (200 400) (400 600)
      M6        0.00    (300 400) (500 600)
      M6        0.00    (400 400) (600 600)
      M6        0.00    (500 400) (700 600)
      M6        0.00    (596.5 400) (796.5 600)
      M6        0.00    (0 500) (200 700)
      M6        0.00    (100 500) (300 700)
      M6        0.00    (200 500) (400 700)
      M6        0.00    (300 500) (500 700)
      M6        0.00    (400 500) (600 700)
      M6        0.00    (500 500) (700 700)
      M6        0.00    (596.5 500) (796.5 700)
      M6        0.00    (0 516) (200 716)
      M6        0.00    (100 516) (300 716)
      M6        0.00    (200 516) (400 716)
      M6        0.00    (300 516) (500 716)
      M6        0.00    (400 516) (600 716)
      M6        0.00    (500 516) (700 716)
      M6        0.00    (596.5 516) (796.5 716)

      M7        0.00    (0 0) (200 200)
      M7        0.00    (100 0) (300 200)
      M7        0.00    (200 0) (400 200)
      M7        0.00    (300 0) (500 200)
      M7        0.00    (400 0) (600 200)
      M7        0.00    (500 0) (700 200)
      M7        0.00    (596.5 0) (796.5 200)
      M7        0.00    (0 100) (200 300)
      M7        0.00    (100 100) (300 300)
      M7        0.00    (200 100) (400 300)
      M7        0.00    (300 100) (500 300)
      M7        0.00    (400 100) (600 300)
      M7        0.00    (500 100) (700 300)
      M7        0.00    (596.5 100) (796.5 300)
      M7        0.00    (0 200) (200 400)
      M7        0.00    (100 200) (300 400)
      M7        0.00    (200 200) (400 400)
      M7        0.00    (300 200) (500 400)
      M7        0.00    (400 200) (600 400)
      M7        0.00    (500 200) (700 400)
      M7        0.00    (596.5 200) (796.5 400)
      M7        0.00    (0 300) (200 500)
      M7        0.00    (100 300) (300 500)
      M7        0.00    (200 300) (400 500)
      M7        0.00    (300 300) (500 500)
      M7        0.00    (400 300) (600 500)
      M7        0.00    (500 300) (700 500)
      M7        0.00    (596.5 300) (796.5 500)
      M7        0.00    (0 400) (200 600)
      M7        0.00    (100 400) (300 600)
      M7        0.00    (200 400) (400 600)
      M7        0.00    (300 400) (500 600)
      M7        0.00    (400 400) (600 600)
      M7        0.00    (500 400) (700 600)
      M7        0.00    (596.5 400) (796.5 600)
      M7        0.00    (0 500) (200 700)
      M7        0.00    (100 500) (300 700)
      M7        0.00    (200 500) (400 700)
      M7        0.00    (300 500) (500 700)
      M7        0.00    (400 500) (600 700)
      M7        0.00    (500 500) (700 700)
      M7        0.00    (596.5 500) (796.5 700)
      M7        0.00    (0 516) (200 716)
      M7        0.00    (100 516) (300 716)
      M7        0.00    (200 516) (400 716)
      M7        0.00    (300 516) (500 716)
      M7        0.00    (400 516) (600 716)
      M7        0.00    (500 516) (700 716)
      M7        0.00    (596.5 516) (796.5 716)

      M8        0.00    (0 0) (200 200)
      M8        0.00    (100 0) (300 200)
      M8        0.00    (200 0) (400 200)
      M8        0.00    (300 0) (500 200)
      M8        0.00    (400 0) (600 200)
      M8        0.00    (500 0) (700 200)
      M8        0.00    (596.5 0) (796.5 200)
      M8        0.00    (0 100) (200 300)
      M8        0.00    (100 100) (300 300)
      M8        0.00    (200 100) (400 300)
      M8        0.00    (300 100) (500 300)
      M8        0.00    (400 100) (600 300)
      M8        0.00    (500 100) (700 300)
      M8        0.00    (596.5 100) (796.5 300)
      M8        0.00    (0 200) (200 400)
      M8        0.00    (100 200) (300 400)
      M8        0.00    (200 200) (400 400)
      M8        0.00    (300 200) (500 400)
      M8        0.00    (400 200) (600 400)
      M8        0.00    (500 200) (700 400)
      M8        0.00    (596.5 200) (796.5 400)
      M8        0.00    (0 300) (200 500)
      M8        0.00    (100 300) (300 500)
      M8        0.00    (200 300) (400 500)
      M8        0.00    (300 300) (500 500)
      M8        0.00    (400 300) (600 500)
      M8        0.00    (500 300) (700 500)
      M8        0.00    (596.5 300) (796.5 500)
      M8        0.00    (0 400) (200 600)
      M8        0.00    (100 400) (300 600)
      M8        0.00    (200 400) (400 600)
      M8        0.00    (300 400) (500 600)
      M8        0.00    (400 400) (600 600)
      M8        0.00    (500 400) (700 600)
      M8        0.00    (596.5 400) (796.5 600)
      M8        0.00    (0 500) (200 700)
      M8        0.00    (100 500) (300 700)
      M8        0.00    (200 500) (400 700)
      M8        0.00    (300 500) (500 700)
      M8        0.00    (400 500) (600 700)
      M8        0.00    (500 500) (700 700)
      M8        0.00    (596.5 500) (796.5 700)
      M8        0.00    (0 516) (200 716)
      M8        0.00    (100 516) (300 716)
      M8        0.00    (200 516) (400 716)
      M8        0.00    (300 516) (500 716)
      M8        0.00    (400 516) (600 716)
      M8        0.00    (500 516) (700 716)
      M8        0.00    (596.5 516) (796.5 716)


A total of 196 density violation(s).
Windows < Min. Density = 196
Windows > Max. Density = 0
