###############################################################
#  Generated by:      Cadence Encounter 14.23-s044_1
#  OS:                Linux x86_64(Host ID cadpc42)
#  Generated on:      Wed Feb 27 22:15:22 2019
#  Design:            lfsr1
#  Command:           report_timing > "$designName.hold.rpt"
###############################################################
Path 1: MET Hold Check with Pin lfsr_out_reg[8]/CK 
Endpoint:   lfsr_out_reg[8]/D (v) checked with trailing edge of 'clk'
Beginpoint: lfsr_out_reg[7]/Q (v) triggered by trailing edge of 'clk'
Analysis View: typical
Other End Arrival Time          6.069
+ Hold                         -0.065
+ Phase Shift                   0.000
= Required Time                 6.004
  Arrival Time                  6.938
  Slack Time                    0.934
     Clock Fall Edge                 6.000
     + Clock Network Latency (Prop)  0.068
     = Beginpoint Arrival Time       6.068
     +-----------------------------------------------------------------------+ 
     |    Instance     |     Arc     |   Cell   | Delay | Arrival | Required | 
     |                 |             |          |       |  Time   |   Time   | 
     |-----------------+-------------+----------+-------+---------+----------| 
     | lfsr_out_reg[7] | CK ^        |          |       |   6.068 |    5.134 | 
     | lfsr_out_reg[7] | CK ^ -> Q v | DFFRXLTS | 0.870 |   6.938 |    6.004 | 
     | lfsr_out_reg[8] | D v         | DFFRXLTS | 0.000 |   6.938 |    6.004 | 
     +-----------------------------------------------------------------------+ 

