###############################################################
#  Generated by:      Cadence Encounter 14.23-s044_1
#  OS:                Linux x86_64(Host ID cadpc42)
#  Generated on:      Wed Feb 27 22:15:22 2019
#  Design:            lfsr1
#  Command:           report_timing > "$designName.setup.rpt"
###############################################################
Path 1: MET Late External Delay Assertion 
Endpoint:   lfsr_out[0]       (^) checked with  leading edge of 'clk'
Beginpoint: lfsr_out_reg[0]/Q (^) triggered by trailing edge of 'clk'
Analysis View: typical
Other End Arrival Time          0.000
- External Delay                0.050
+ Phase Shift                  12.000
= Required Time                11.950
- Arrival Time                  7.151
= Slack Time                    4.799
     Clock Fall Edge                 6.000
     + Clock Network Latency (Prop)  0.068
     = Beginpoint Arrival Time       6.068
     +-------------------------------------------------------------------------+ 
     |    Instance     |      Arc      |   Cell   | Delay | Arrival | Required | 
     |                 |               |          |       |  Time   |   Time   | 
     |-----------------+---------------+----------+-------+---------+----------| 
     | lfsr_out_reg[0] | CK ^          |          |       |   6.068 |   10.867 | 
     | lfsr_out_reg[0] | CK ^ -> Q ^   | DFFRXLTS | 1.082 |   7.150 |   11.949 | 
     |                 | lfsr_out[0] ^ |          | 0.001 |   7.151 |   11.950 | 
     +-------------------------------------------------------------------------+ 

