###############################################################
#  Generated by:      Cadence Encounter 14.23-s044_1
#  OS:                Linux x86_64(Host ID cadpc02)
#  Generated on:      Wed Apr 24 21:21:52 2019
#  Design:            router
#  Command:           reportCritNet -outfile router.critnet.rpt
###############################################################
outSouth/FE_DBTN218_readInBuffer_EAST
outNorth/FE_DBTN217_readInBuffer_EAST
outWest/FE_DBTN216_readInBuffer_EAST
outEast/FE_DBTN215_readInBuffer_EAST
outNorth/FE_DBTN200_destinationAddressInBuffer_EAST_7_
outEast/FE_DBTN199_destinationAddressInBuffer_EAST_7_
outWest/FE_DBTN198_destinationAddressInBuffer_EAST_7_
outNorth/FE_DBTN197_destinationAddressInBuffer_EAST_6_
outEast/FE_DBTN196_destinationAddressInBuffer_EAST_6_
outWest/FE_DBTN195_destinationAddressInBuffer_EAST_6_
outNorth/FE_DBTN194_destinationAddressInBuffer_EAST_5_
outEast/FE_DBTN193_destinationAddressInBuffer_EAST_5_
outWest/FE_DBTN192_destinationAddressInBuffer_EAST_5_
outNorth/FE_DBTN191_destinationAddressInBuffer_EAST_4_
outEast/FE_DBTN190_destinationAddressInBuffer_EAST_4_
outWest/FE_DBTN189_destinationAddressInBuffer_EAST_4_
cacheController/FE_DBTN187_n13
cacheController/FE_DBTN186_n15
cacheController/FE_DBTN185_n16
cacheController/FE_DBTN184_n18
cacheController/FE_DBTN182_n35
cacheController/FE_DBTN180_n67
cacheController/FE_DBTN178_n98
cacheController/FE_DBTN176_n498
cacheController/FE_DBTN175_n681
cacheController/FE_DBTN173_n254
cacheController/FE_DBTN172_n367
cacheController/FE_DBTN171_n550
cacheController/FE_DBTN170_n612
cacheController/FE_DBTN169_n651
outNorth/FE_DBTN166_n1
outNorth/FE_DBTN165_n2
outNorth/FE_DBTN164_n3
outNorth/FE_DBTN163_n4
outNorth/FE_DBTN162_n5
outNorth/FE_DBTN161_n6
outNorth/FE_DBTN160_n7
outNorth/FE_DBTN159_n8
outNorth/FE_DBTN158_n10
outNorth/FE_DBTN157_n11
outNorth/FE_DBTN156_n12
outNorth/FE_DBTN155_n13
outNorth/FE_DBTN154_n14
outNorth/FE_DBTN153_n57
outNorth/FE_DBTN152_n1547
outNorth/FE_DBTN151_n62
outNorth/FE_DBTN150_n1962
outNorth/FE_DBTN149_n106
outNorth/FE_DBTN148_n1496
outNorth/FE_DBTN147_n1397
outNorth/FE_DBTN146_n186
outNorth/FE_DBTN145_n202
outNorth/FE_DBTN144_n1362
outNorth/FE_DBTN143_n243
outNorth/FE_DBTN142_n250
outNorth/FE_DBTN141_n1460
outNorth/FE_DBTN140_n1960
outNorth/FE_DBTN139_n293
outNorth/FE_DBTN138_n1429
outNorth/FE_DBTN137_n1958
outNorth/FE_DBTN136_n346
outNorth/FE_DBTN135_n359
outNorth/FE_DBTN133_n1954
outNorth/FE_DBTN132_n418
outNorth/FE_DBTN131_n428
outNorth/FE_DBTN130_n1959
outNorth/FE_DBTN128_n1961
outNorth/FE_DBTN127_n1953
outNorth/FE_DBTN126_n1952
outSouth/FE_DBTN124_n1
outSouth/FE_DBTN123_n2
outSouth/FE_DBTN122_n3
outSouth/FE_DBTN121_n4
outSouth/FE_DBTN120_n5
outSouth/FE_DBTN119_n6
outSouth/FE_DBTN118_n7
outSouth/FE_DBTN117_n8
outSouth/FE_DBTN116_n10
outSouth/FE_DBTN115_n11
outSouth/FE_DBTN114_n12
outSouth/FE_DBTN113_n13
outSouth/FE_DBTN112_n14
outSouth/FE_DBTN111_n50
outSouth/FE_DBTN110_n1533
outSouth/FE_DBTN109_n62
outSouth/FE_DBTN108_n1946
outSouth/FE_DBTN107_n96
outSouth/FE_DBTN106_n1479
outSouth/FE_DBTN105_n1384
outSouth/FE_DBTN104_n159
outSouth/FE_DBTN103_n191
outSouth/FE_DBTN102_n1352
outSouth/FE_DBTN101_n214
outSouth/FE_DBTN100_n235
outSouth/FE_DBTN99_n253
outSouth/FE_DBTN98_n1444
outSouth/FE_DBTN97_n1944
outSouth/FE_DBTN96_n285
outSouth/FE_DBTN95_n1413
outSouth/FE_DBTN94_n334
outSouth/FE_DBTN93_n347
outSouth/FE_DBTN91_n1938
outSouth/FE_DBTN90_n419
outSouth/FE_DBTN89_n412
outSouth/FE_DBTN88_n1943
outSouth/FE_DBTN87_n1942
outSouth/FE_DBTN85_n1945
outSouth/FE_DBTN84_n1937
outSouth/FE_DBTN83_n1936
outEast/FE_DBTN81_n1
outEast/FE_DBTN80_n2
outEast/FE_DBTN79_n3
outEast/FE_DBTN78_n4
outEast/FE_DBTN77_n5
outEast/FE_DBTN76_n6
outEast/FE_DBTN75_n7
outEast/FE_DBTN74_n8
outEast/FE_DBTN73_n9
outEast/FE_DBTN72_n11
outEast/FE_DBTN71_n12
outEast/FE_DBTN70_n59
outEast/FE_DBTN69_n1527
outEast/FE_DBTN68_n55
outEast/FE_DBTN67_n1937
outEast/FE_DBTN66_n1475
outEast/FE_DBTN65_n106
outEast/FE_DBTN64_n133
outEast/FE_DBTN63_n1377
outEast/FE_DBTN62_n163
outEast/FE_DBTN61_n197
outEast/FE_DBTN60_n1343
outEast/FE_DBTN59_n239
outEast/FE_DBTN58_n245
outEast/FE_DBTN57_n1438
outEast/FE_DBTN56_n1935
outEast/FE_DBTN55_n289
outEast/FE_DBTN54_n1406
outEast/FE_DBTN53_n341
outEast/FE_DBTN52_n354
outEast/FE_DBTN50_n1929
outEast/FE_DBTN49_n422
outEast/FE_DBTN48_n416
outEast/FE_DBTN47_n1933
outEast/FE_DBTN46_n1934
outEast/FE_DBTN44_n1936
outEast/FE_DBTN43_n1928
outEast/FE_DBTN42_n1927
outWest/FE_DBTN40_n1
outWest/FE_DBTN39_n2
outWest/FE_DBTN38_n3
outWest/FE_DBTN37_n4
outWest/FE_DBTN36_n5
outWest/FE_DBTN35_n6
outWest/FE_DBTN34_n7
outWest/FE_DBTN33_n9
outWest/FE_DBTN32_n10
outWest/FE_DBTN31_n11
outWest/FE_DBTN30_n12
outWest/FE_DBTN29_n13
outWest/FE_DBTN28_n52
outWest/FE_DBTN27_n1536
outWest/FE_DBTN26_n66
outWest/FE_DBTN25_n1954
outWest/FE_DBTN24_n100
outWest/FE_DBTN23_n1484
outWest/FE_DBTN22_n1390
outWest/FE_DBTN21_n198
outWest/FE_DBTN20_n1356
outWest/FE_DBTN19_n221
outWest/FE_DBTN18_n241
outWest/FE_DBTN17_n253
outWest/FE_DBTN16_n1450
outWest/FE_DBTN15_n1952
outWest/FE_DBTN14_n289
outWest/FE_DBTN13_n1419
outWest/FE_DBTN12_n1950
outWest/FE_DBTN11_n343
outWest/FE_DBTN10_n356
outWest/FE_DBTN8_n1946
outWest/FE_DBTN7_n415
outWest/FE_DBTN6_n425
outWest/FE_DBTN5_n1951
outWest/FE_DBTN3_n1953
outWest/FE_DBTN2_n1945
outWest/FE_DBTN1_n1944
readInBuffer_NORTH
writeInBuffer_NORTH
memRead_NORTH
memWrite_NORTH
readInBuffer_SOUTH
writeInBuffer_SOUTH
memRead_SOUTH
memWrite_SOUTH
readInBuffer_EAST
memRead_EAST
readInBuffer_WEST
writeInBuffer_WEST
memRead_WEST
readReady_NORTH
readReady_SOUTH
readReady_EAST
readReady_WEST
n1
n2
outputPortSelect_NORTH[3]
outputPortSelect_NORTH[2]
outputPortSelect_NORTH[1]
outputPortSelect_NORTH[0]
outputPortSelect_SOUTH[3]
outputPortSelect_SOUTH[2]
outputPortSelect_SOUTH[1]
outputPortSelect_SOUTH[0]
outputPortSelect_EAST[3]
outputPortSelect_EAST[2]
outputPortSelect_EAST[1]
outputPortSelect_EAST[0]
outputPortSelect_WEST[3]
outputPortSelect_WEST[2]
outputPortSelect_WEST[1]
outputPortSelect_WEST[0]
destinationAddressInBuffer_NORTH[11]
destinationAddressInBuffer_NORTH[10]
destinationAddressInBuffer_NORTH[8]
destinationAddressInBuffer_NORTH[7]
destinationAddressInBuffer_NORTH[6]
destinationAddressInBuffer_NORTH[5]
destinationAddressInBuffer_NORTH[4]
destinationAddressInBuffer_NORTH[3]
destinationAddressInBuffer_NORTH[2]
destinationAddressInBuffer_NORTH[1]
destinationAddressInBuffer_NORTH[0]
requesterAddressInBuffer_NORTH[3]
requesterAddressInBuffer_NORTH[2]
requesterAddressInBuffer_NORTH[1]
requesterAddressInBuffer_NORTH[0]
dataInBuffer_NORTH[5]
dataInBuffer_NORTH[4]
dataInBuffer_NORTH[3]
dataInBuffer_NORTH[2]
dataInBuffer_NORTH[1]
dataInBuffer_NORTH[0]
destinationAddressInBuffer_SOUTH[11]
destinationAddressInBuffer_SOUTH[10]
destinationAddressInBuffer_SOUTH[9]
destinationAddressInBuffer_SOUTH[8]
destinationAddressInBuffer_SOUTH[7]
destinationAddressInBuffer_SOUTH[6]
destinationAddressInBuffer_SOUTH[5]
destinationAddressInBuffer_SOUTH[4]
destinationAddressInBuffer_SOUTH[3]
destinationAddressInBuffer_SOUTH[2]
destinationAddressInBuffer_SOUTH[1]
destinationAddressInBuffer_SOUTH[0]
requesterAddressInBuffer_SOUTH[3]
requesterAddressInBuffer_SOUTH[2]
requesterAddressInBuffer_SOUTH[1]
requesterAddressInBuffer_SOUTH[0]
dataInBuffer_SOUTH[5]
dataInBuffer_SOUTH[4]
dataInBuffer_SOUTH[3]
dataInBuffer_SOUTH[2]
dataInBuffer_SOUTH[1]
dataInBuffer_SOUTH[0]
destinationAddressInBuffer_EAST[7]
destinationAddressInBuffer_EAST[6]
destinationAddressInBuffer_EAST[5]
destinationAddressInBuffer_EAST[4]
destinationAddressInBuffer_EAST[3]
destinationAddressInBuffer_EAST[2]
destinationAddressInBuffer_EAST[1]
destinationAddressInBuffer_EAST[0]
requesterAddressInBuffer_EAST[3]
requesterAddressInBuffer_EAST[2]
requesterAddressInBuffer_EAST[1]
requesterAddressInBuffer_EAST[0]
dataInBuffer_EAST[5]
dataInBuffer_EAST[4]
dataInBuffer_EAST[3]
dataInBuffer_EAST[2]
dataInBuffer_EAST[1]
dataInBuffer_EAST[0]
destinationAddressInBuffer_WEST[11]
destinationAddressInBuffer_WEST[10]
destinationAddressInBuffer_WEST[9]
destinationAddressInBuffer_WEST[8]
destinationAddressInBuffer_WEST[7]
destinationAddressInBuffer_WEST[6]
destinationAddressInBuffer_WEST[5]
destinationAddressInBuffer_WEST[4]
destinationAddressInBuffer_WEST[3]
destinationAddressInBuffer_WEST[2]
destinationAddressInBuffer_WEST[1]
destinationAddressInBuffer_WEST[0]
requesterAddressInBuffer_WEST[3]
requesterAddressInBuffer_WEST[2]
requesterAddressInBuffer_WEST[1]
requesterAddressInBuffer_WEST[0]
dataInBuffer_WEST[5]
dataInBuffer_WEST[4]
dataInBuffer_WEST[3]
dataInBuffer_WEST[2]
dataInBuffer_WEST[1]
dataInBuffer_WEST[0]
cacheController/N741
cacheController/n1173
cacheController/n1174
cacheController/n1175
cacheController/n1176
cacheController/n1177
cacheController/n1178
cacheController/n1179
cacheController/n1180
cacheController/n1181
cacheController/n1182
cacheController/n1183
cacheController/n1184
cacheController/n1185
cacheController/n1186
cacheController/n1187
cacheController/n1188
cacheController/n1189
cacheController/n1190
cacheController/n1191
cacheController/n1192
cacheController/n1193
cacheController/n1194
cacheController/n1195
cacheController/n1196
cacheController/n1197
cacheController/n1198
cacheController/n1199
cacheController/n1200
cacheController/n1201
cacheController/n1202
cacheController/n1203
cacheController/n1204
cacheController/n1205
cacheController/n1206
cacheController/n1207
cacheController/n1208
cacheController/n1209
cacheController/n1210
cacheController/n1217
cacheController/n1218
cacheController/n1226
cacheController/n1227
cacheController/n1228
cacheController/n1229
cacheController/n1230
cacheController/n1231
cacheController/n1232
cacheController/n1233
cacheController/n1234
cacheController/n1235
cacheController/n1236
cacheController/n1237
cacheController/n1250
cacheController/n1251
cacheController/n1252
cacheController/n1253
cacheController/n1254
cacheController/n1255
cacheController/n1256
cacheController/n1257
cacheController/n1258
cacheController/n1259
cacheController/n1260
cacheController/n1261
cacheController/n1278
cacheController/n1279
cacheController/n1280
cacheController/n1281
cacheController/n1291
cacheController/n1292
cacheController/n1293
cacheController/n1294
cacheController/n1295
cacheController/n1296
cacheController/n1297
cacheController/n1298
cacheController/n1299
cacheController/n1300
cacheController/n1301
cacheController/n1302
cacheController/n1303
cacheController/n1304
cacheController/n1305
cacheController/n1306
cacheController/n1323
cacheController/n1324
cacheController/n1325
cacheController/n1326
cacheController/n1327
cacheController/n1328
cacheController/n1329
cacheController/n1330
cacheController/n1331
cacheController/n1332
cacheController/n1333
cacheController/n1334
cacheController/n1335
cacheController/n1336
cacheController/n1337
cacheController/n1338
cacheController/n1347
cacheController/n1348
cacheController/n1349
cacheController/n1350
cacheController/n1351
cacheController/n1352
cacheController/n1353
cacheController/n1354
cacheController/n1355
cacheController/n1356
cacheController/n1357
cacheController/n1358
cacheController/n1359
cacheController/n1360
cacheController/n1361
cacheController/n1362
cacheController/n12
cacheController/n13
cacheController/n14
cacheController/n15
cacheController/n16
cacheController/n18
cacheController/n32
cacheController/n33
cacheController/n34
cacheController/n35
cacheController/n36
cacheController/n39
cacheController/n40
cacheController/n41
cacheController/n44
cacheController/n45
cacheController/n46
cacheController/n47
cacheController/n48
cacheController/n50
cacheController/n51
cacheController/n53
cacheController/n54
cacheController/n55
cacheController/n56
cacheController/n61
cacheController/n64
cacheController/n66
cacheController/n67
cacheController/n70
cacheController/n73
cacheController/n75
cacheController/n77
cacheController/n78
cacheController/n80
cacheController/n82
cacheController/n86
cacheController/n87
cacheController/n88
cacheController/n89
cacheController/n90
cacheController/n91
cacheController/n92
cacheController/n94
cacheController/n95
cacheController/n96
cacheController/n97
cacheController/n98
cacheController/n101
cacheController/n102
cacheController/n103
cacheController/n104
cacheController/n105
cacheController/n106
cacheController/n107
cacheController/n108
cacheController/n109
cacheController/n110
cacheController/n113
cacheController/n114
cacheController/n118
cacheController/n119
cacheController/n124
cacheController/n125
cacheController/n130
cacheController/n131
cacheController/n133
cacheController/n134
cacheController/n137
cacheController/n138
cacheController/n139
cacheController/n140
cacheController/n141
cacheController/n142
cacheController/n143
cacheController/n144
cacheController/n145
cacheController/n147
cacheController/n148
cacheController/n150
cacheController/n151
cacheController/n152
cacheController/n153
cacheController/n154
cacheController/n155
cacheController/n156
cacheController/n158
cacheController/n159
cacheController/n160
cacheController/n162
cacheController/n163
cacheController/n167
cacheController/n168
cacheController/n171
cacheController/n172
cacheController/n174
cacheController/n175
cacheController/n179
cacheController/n180
cacheController/n182
cacheController/n187
cacheController/n188
cacheController/n190
cacheController/n215
cacheController/n223
cacheController/n229
cacheController/n230
cacheController/n234
cacheController/n235
cacheController/n237
cacheController/n238
cacheController/n241
cacheController/n242
cacheController/n243
cacheController/n244
cacheController/n254
cacheController/n333
cacheController/n336
cacheController/n337
cacheController/n340
cacheController/n341
cacheController/n342
cacheController/n343
cacheController/n345
cacheController/n346
cacheController/n347
cacheController/n348
cacheController/n349
cacheController/n350
cacheController/n351
cacheController/n352
cacheController/n353
cacheController/n355
cacheController/n356
cacheController/n357
cacheController/n358
cacheController/n359
cacheController/n360
cacheController/n361
cacheController/n362
cacheController/n363
cacheController/n364
cacheController/n365
cacheController/n366
cacheController/n367
cacheController/n370
cacheController/n371
cacheController/n372
cacheController/n373
cacheController/n374
cacheController/n375
cacheController/n376
cacheController/n377
cacheController/n378
cacheController/n379
cacheController/n380
cacheController/n381
cacheController/n384
cacheController/n385
cacheController/n386
cacheController/n387
cacheController/n388
cacheController/n389
cacheController/n390
cacheController/n391
cacheController/n393
cacheController/n394
cacheController/n395
cacheController/n396
cacheController/n399
cacheController/n400
cacheController/n401
cacheController/n402
cacheController/n405
cacheController/n406
cacheController/n407
cacheController/n408
cacheController/n410
cacheController/n411
cacheController/n412
cacheController/n414
cacheController/n418
cacheController/n419
cacheController/n420
cacheController/n422
cacheController/n427
cacheController/n428
cacheController/n429
cacheController/n431
cacheController/n433
cacheController/n436
cacheController/n437
cacheController/n440
cacheController/n441
cacheController/n443
cacheController/n444
cacheController/n448
cacheController/n449
cacheController/n454
cacheController/n455
cacheController/n460
cacheController/n464
cacheController/n465
cacheController/n467
cacheController/n468
cacheController/n471
cacheController/n473
cacheController/n478
cacheController/n480
cacheController/n486
cacheController/n488
cacheController/n493
cacheController/n495
cacheController/n496
cacheController/n497
cacheController/n498
cacheController/n499
cacheController/n500
cacheController/n501
cacheController/n512
cacheController/n514
cacheController/n515
cacheController/n518
cacheController/n520
cacheController/n522
cacheController/n524
cacheController/n525
cacheController/n526
cacheController/n527
cacheController/n531
cacheController/n535
cacheController/n541
cacheController/n542
cacheController/n543
cacheController/n544
cacheController/n545
cacheController/n546
cacheController/n547
cacheController/n548
cacheController/n550
cacheController/n551
cacheController/n553
cacheController/n558
cacheController/n561
cacheController/n564
cacheController/n566
cacheController/n568
cacheController/n572
cacheController/n574
cacheController/n575
cacheController/n577
cacheController/n579
cacheController/n584
cacheController/n588
cacheController/n593
cacheController/n597
cacheController/n601
cacheController/n607
cacheController/n609
cacheController/n610
cacheController/n611
cacheController/n612
cacheController/n614
cacheController/n615
cacheController/n633
cacheController/n635
cacheController/n636
cacheController/n637
cacheController/n639
cacheController/n640
cacheController/n643
cacheController/n644
cacheController/n646
cacheController/n648
cacheController/n650
cacheController/n651
cacheController/n653
cacheController/n654
cacheController/n655
cacheController/n656
cacheController/n657
cacheController/n658
cacheController/n659
cacheController/n660
cacheController/n662
cacheController/n663
cacheController/n664
cacheController/n668
cacheController/n669
cacheController/n670
cacheController/n672
cacheController/n673
cacheController/n675
cacheController/n677
cacheController/n679
cacheController/n680
cacheController/n681
cacheController/n684
cacheController/n687
cacheController/n688
cacheController/n689
cacheController/n692
cacheController/n693
cacheController/n694
cacheController/n696
cacheController/n697
cacheController/n698
cacheController/n703
cacheController/n704
cacheController/n705
cacheController/n708
cacheController/n709
cacheController/n710
cacheController/n714
cacheController/n715
cacheController/n716
cacheController/n718
cacheController/n719
cacheController/n720
cacheController/n723
cacheController/n724
cacheController/n725
cacheController/n728
cacheController/n729
cacheController/n730
cacheController/n734
cacheController/n735
cacheController/n736
cacheController/n740
cacheController/n741
cacheController/n742
cacheController/n748
cacheController/n749
cacheController/n750
cacheController/n756
cacheController/n757
cacheController/n758
cacheController/n764
cacheController/n765
cacheController/n766
cacheController/n772
cacheController/n773
cacheController/n774
cacheController/n834
outNorth/N2624
outNorth/n1114
outNorth/n1115
outNorth/n1116
outNorth/n1117
outNorth/n1118
outNorth/n1119
outNorth/n1120
outNorth/n1121
outNorth/n1122
outNorth/n1123
outNorth/n1124
outNorth/n1125
outNorth/n1126
outNorth/n1127
outNorth/n1128
outNorth/n1129
outNorth/n1130
outNorth/n1131
outNorth/n1132
outNorth/n1133
outNorth/n1134
outNorth/n1135
outNorth/n1136
outNorth/n1137
outNorth/n1138
outNorth/n1139
outNorth/n1140
outNorth/n1141
outNorth/n1142
outNorth/n1143
outNorth/n1144
outNorth/n1145
outNorth/n1146
outNorth/n1147
outNorth/n1148
outNorth/n1149
outNorth/n1150
outNorth/n1151
outNorth/n1152
outNorth/n1153
outNorth/n1154
outNorth/n1155
outNorth/n1156
outNorth/n1157
outNorth/n1158
outNorth/n1159
outNorth/n1160
outNorth/n1161
outNorth/n1162
outNorth/n1163
outNorth/n1164
outNorth/n1165
outNorth/n1166
outNorth/n1167
outNorth/n1168
outNorth/n1169
outNorth/n1170
outNorth/n1171
outNorth/n1172
outNorth/n1173
outNorth/n1174
outNorth/n1175
outNorth/n1176
outNorth/n1177
outNorth/n1178
outNorth/n1179
outNorth/n1180
outNorth/n1181
outNorth/n1182
outNorth/n1183
outNorth/n1184
outNorth/n1185
outNorth/n1186
outNorth/n1187
outNorth/n1188
outNorth/n1189
outNorth/n1190
outNorth/n1191
outNorth/n1192
outNorth/n1193
outNorth/n1194
outNorth/n1195
outNorth/n1196
outNorth/n1197
outNorth/n1198
outNorth/n1199
outNorth/n1200
outNorth/n1201
outNorth/n1202
outNorth/n1203
outNorth/n1204
outNorth/n1205
outNorth/n1206
outNorth/n1207
outNorth/n1208
outNorth/n1209
outNorth/n1210
outNorth/n1211
outNorth/n1212
outNorth/n1213
outNorth/n1214
outNorth/n1215
outNorth/n1216
outNorth/n1217
outNorth/n1218
outNorth/n1219
outNorth/n1220
outNorth/n1221
outNorth/n1222
outNorth/n1223
outNorth/n1224
outNorth/n1225
outNorth/n1226
outNorth/n1227
outNorth/n1228
outNorth/n1229
outNorth/n1230
outNorth/n1231
outNorth/n1232
outNorth/n1233
outNorth/n1234
outNorth/n1235
outNorth/n1236
outNorth/n1237
outNorth/n1238
outNorth/n1239
outNorth/n1240
outNorth/n1241
outNorth/n1242
outNorth/n1243
outNorth/n1244
outNorth/n1245
outNorth/n1246
outNorth/n1247
outNorth/n1248
outNorth/n1249
outNorth/n1250
outNorth/n1251
outNorth/n1252
outNorth/n1253
outNorth/n1254
outNorth/n1255
outNorth/n1256
outNorth/n1257
outNorth/n1258
outNorth/n1259
outNorth/n1260
outNorth/n1261
outNorth/n1262
outNorth/n1263
outNorth/n1264
outNorth/n1265
outNorth/n1266
outNorth/n1267
outNorth/n1268
outNorth/n1269
outNorth/n1270
outNorth/n1271
outNorth/n1272
outNorth/n1273
outNorth/n1274
outNorth/n1275
outNorth/n1276
outNorth/n1277
outNorth/n1278
outNorth/n1279
outNorth/n1280
outNorth/n1281
outNorth/n1282
outNorth/n1283
outNorth/n1284
outNorth/n1285
outNorth/n1286
outNorth/n1287
outNorth/n1288
outNorth/n1289
outNorth/n1290
outNorth/n1291
outNorth/n1292
outNorth/n1293
outNorth/n1294
outNorth/n1295
outNorth/n1296
outNorth/n1297
outNorth/n1298
outNorth/n1299
outNorth/n1300
outNorth/n1301
outNorth/n1302
outNorth/n1303
outNorth/n1304
outNorth/n1305
outNorth/n1306
outNorth/n1307
outNorth/n1308
outNorth/n1309
outNorth/n1310
outNorth/n1311
outNorth/n1312
outNorth/n1313
outNorth/n1314
outNorth/n1315
outNorth/n1316
outNorth/n1317
outNorth/n1318
outNorth/n1319
outNorth/n1320
outNorth/n1321
outNorth/n1322
outNorth/n1323
outNorth/n1324
outNorth/n1325
outNorth/n1326
outNorth/n1327
outNorth/n1328
outNorth/n1329
outNorth/n1333
outNorth/n1334
outNorth/n1335
outNorth/n1
outNorth/n2
outNorth/n3
outNorth/n4
outNorth/n5
outNorth/n6
outNorth/n7
outNorth/n8
outNorth/n9
outNorth/n10
outNorth/n11
outNorth/n12
outNorth/n13
outNorth/n14
outNorth/n16
outNorth/n17
outNorth/n18
outNorth/n19
outNorth/n20
outNorth/n22
outNorth/n23
outNorth/n24
outNorth/n25
outNorth/n26
outNorth/n28
outNorth/n30
outNorth/n33
outNorth/n34
outNorth/n36
outNorth/n37
outNorth/n38
outNorth/n39
outNorth/n40
outNorth/n41
outNorth/n42
outNorth/n45
outNorth/n46
outNorth/n50
outNorth/n51
outNorth/n54
outNorth/n55
outNorth/n57
outNorth/n59
outNorth/n60
outNorth/n62
outNorth/n64
outNorth/n65
outNorth/n67
outNorth/n68
outNorth/n71
outNorth/n72
outNorth/n76
outNorth/n77
outNorth/n79
outNorth/n83
outNorth/n85
outNorth/n87
outNorth/n88
outNorth/n89
outNorth/n91
outNorth/n92
outNorth/n93
outNorth/n94
outNorth/n96
outNorth/n97
outNorth/n99
outNorth/n100
outNorth/n104
outNorth/n105
outNorth/n106
outNorth/n107
outNorth/n108
outNorth/n109
outNorth/n110
outNorth/n112
outNorth/n113
outNorth/n115
outNorth/n116
outNorth/n119
outNorth/n120
outNorth/n122
outNorth/n124
outNorth/n125
outNorth/n126
outNorth/n127
outNorth/n128
outNorth/n129
outNorth/n130
outNorth/n131
outNorth/n132
outNorth/n133
outNorth/n134
outNorth/n135
outNorth/n136
outNorth/n137
outNorth/n139
outNorth/n140
outNorth/n141
outNorth/n142
outNorth/n146
outNorth/n147
outNorth/n150
outNorth/n151
outNorth/n154
outNorth/n155
outNorth/n156
outNorth/n160
outNorth/n161
outNorth/n162
outNorth/n165
outNorth/n166
outNorth/n167
outNorth/n172
outNorth/n173
outNorth/n174
outNorth/n178
outNorth/n179
outNorth/n180
outNorth/n182
outNorth/n183
outNorth/n185
outNorth/n186
outNorth/n187
outNorth/n188
outNorth/n189
outNorth/n191
outNorth/n192
outNorth/n193
outNorth/n194
outNorth/n196
outNorth/n197
outNorth/n200
outNorth/n201
outNorth/n202
outNorth/n206
outNorth/n207
outNorth/n208
outNorth/n209
outNorth/n211
outNorth/n212
outNorth/n213
outNorth/n214
outNorth/n216
outNorth/n217
outNorth/n220
outNorth/n221
outNorth/n223
outNorth/n224
outNorth/n225
outNorth/n226
outNorth/n228
outNorth/n229
outNorth/n230
outNorth/n231
outNorth/n233
outNorth/n234
outNorth/n236
outNorth/n237
outNorth/n240
outNorth/n241
outNorth/n243
outNorth/n246
outNorth/n247
outNorth/n250
outNorth/n251
outNorth/n252
outNorth/n255
outNorth/n256
outNorth/n258
outNorth/n259
outNorth/n263
outNorth/n264
outNorth/n268
outNorth/n269
outNorth/n272
outNorth/n273
outNorth/n274
outNorth/n276
outNorth/n278
outNorth/n279
outNorth/n280
outNorth/n281
outNorth/n282
outNorth/n283
outNorth/n284
outNorth/n286
outNorth/n287
outNorth/n291
outNorth/n292
outNorth/n293
outNorth/n296
outNorth/n297
outNorth/n298
outNorth/n299
outNorth/n301
outNorth/n302
outNorth/n303
outNorth/n304
outNorth/n307
outNorth/n308
outNorth/n311
outNorth/n312
outNorth/n313
outNorth/n314
outNorth/n316
outNorth/n318
outNorth/n320
outNorth/n321
outNorth/n323
outNorth/n324
outNorth/n325
outNorth/n326
outNorth/n329
outNorth/n330
outNorth/n333
outNorth/n337
outNorth/n338
outNorth/n344
outNorth/n345
outNorth/n346
outNorth/n352
outNorth/n353
outNorth/n357
outNorth/n358
outNorth/n359
outNorth/n364
outNorth/n365
outNorth/n370
outNorth/n371
outNorth/n377
outNorth/n378
outNorth/n383
outNorth/n384
outNorth/n386
outNorth/n388
outNorth/n389
outNorth/n392
outNorth/n393
outNorth/n396
outNorth/n398
outNorth/n400
outNorth/n401
outNorth/n402
outNorth/n405
outNorth/n406
outNorth/n409
outNorth/n410
outNorth/n416
outNorth/n417
outNorth/n418
outNorth/n423
outNorth/n424
outNorth/n426
outNorth/n427
outNorth/n428
outNorth/n431
outNorth/n432
outNorth/n434
outNorth/n435
outNorth/n437
outNorth/n438
outNorth/n443
outNorth/n444
outNorth/n450
outNorth/n458
outNorth/n463
outNorth/n467
outNorth/n468
outNorth/n470
outNorth/n472
outNorth/n473
outNorth/n474
outNorth/n476
outNorth/n478
outNorth/n479
outNorth/n480
outNorth/n481
outNorth/n482
outNorth/n483
outNorth/n485
outNorth/n486
outNorth/n487
outNorth/n488
outNorth/n490
outNorth/n491
outNorth/n492
outNorth/n493
outNorth/n494
outNorth/n495
outNorth/n497
outNorth/n498
outNorth/n500
outNorth/n508
outNorth/n510
outNorth/n511
outNorth/n512
outNorth/n516
outNorth/n521
outNorth/n522
outNorth/n527
outNorth/n532
outNorth/n534
outNorth/n536
outNorth/n537
outNorth/n538
outNorth/n539
outNorth/n540
outNorth/n542
outNorth/n543
outNorth/n544
outNorth/n545
outNorth/n547
outNorth/n550
outNorth/n551
outNorth/n554
outNorth/n556
outNorth/n557
outNorth/n558
outNorth/n559
outNorth/n560
outNorth/n563
outNorth/n565
outNorth/n566
outNorth/n567
outNorth/n577
outNorth/n578
outNorth/n581
outNorth/n582
outNorth/n583
outNorth/n584
outNorth/n585
outNorth/n586
outNorth/n589
outNorth/n590
outNorth/n591
outNorth/n592
outNorth/n594
outNorth/n595
outNorth/n598
outNorth/n601
outNorth/n602
outNorth/n603
outNorth/n606
outNorth/n607
outNorth/n608
outNorth/n609
outNorth/n610
outNorth/n612
outNorth/n613
outNorth/n614
outNorth/n616
outNorth/n621
outNorth/n622
outNorth/n623
outNorth/n624
outNorth/n625
outNorth/n627
outNorth/n628
outNorth/n629
outNorth/n640
outNorth/n641
outNorth/n642
outNorth/n643
outNorth/n644
outNorth/n646
outNorth/n647
outNorth/n648
outNorth/n649
outNorth/n651
outNorth/n652
outNorth/n653
outNorth/n654
outNorth/n655
outNorth/n658
outNorth/n659
outNorth/n660
outNorth/n664
outNorth/n665
outNorth/n668
outNorth/n669
outNorth/n670
outNorth/n671
outNorth/n686
outNorth/n687
outNorth/n690
outNorth/n691
outNorth/n692
outNorth/n693
outNorth/n695
outNorth/n697
outNorth/n698
outNorth/n699
outNorth/n700
outNorth/n701
outNorth/n704
outNorth/n706
outNorth/n707
outNorth/n708
outNorth/n712
outNorth/n713
outNorth/n716
outNorth/n717
outNorth/n718
outNorth/n719
outNorth/n723
outNorth/n724
outNorth/n725
outNorth/n726
outNorth/n727
outNorth/n730
outNorth/n731
outNorth/n732
outNorth/n733
outNorth/n743
outNorth/n744
outNorth/n747
outNorth/n749
outNorth/n750
outNorth/n751
outNorth/n758
outNorth/n759
outNorth/n762
outNorth/n764
outNorth/n765
outNorth/n766
outNorth/n773
outNorth/n774
outNorth/n777
outNorth/n778
outNorth/n779
outNorth/n780
outNorth/n782
outNorth/n783
outNorth/n785
outNorth/n786
outNorth/n788
outNorth/n789
outNorth/n790
outNorth/n802
outNorth/n803
outNorth/n805
outNorth/n806
outNorth/n808
outNorth/n809
outNorth/n810
outNorth/n820
outNorth/n821
outNorth/n823
outNorth/n824
outNorth/n827
outNorth/n828
outNorth/n829
outNorth/n832
outNorth/n833
outNorth/n835
outNorth/n836
outNorth/n839
outNorth/n840
outNorth/n841
outNorth/n842
outNorth/n843
outNorth/n844
outNorth/n846
outNorth/n847
outNorth/n851
outNorth/n852
outNorth/n853
outNorth/n865
outNorth/n866
outNorth/n867
outNorth/n869
outNorth/n870
outNorth/n875
outNorth/n876
outNorth/n877
outNorth/n879
outNorth/n880
outNorth/n881
outNorth/n883
outNorth/n884
outNorth/n885
outNorth/n886
outNorth/n887
outNorth/n888
outNorth/n890
outNorth/n892
outNorth/n893
outNorth/n894
outNorth/n895
outNorth/n896
outNorth/n897
outNorth/n900
outNorth/n901
outNorth/n902
outNorth/n904
outNorth/n905
outNorth/n906
outNorth/n910
outNorth/n911
outNorth/n912
outNorth/n914
outNorth/n915
outNorth/n916
outNorth/n919
outNorth/n920
outNorth/n921
outNorth/n923
outNorth/n924
outNorth/n925
outNorth/n927
outNorth/n928
outNorth/n929
outNorth/n933
outNorth/n934
outNorth/n935
outNorth/n939
outNorth/n940
outNorth/n941
outNorth/n944
outNorth/n945
outNorth/n946
outNorth/n952
outNorth/n953
outNorth/n954
outNorth/n958
outNorth/n959
outNorth/n960
outNorth/n965
outNorth/n966
outNorth/n967
outNorth/n970
outNorth/n972
outNorth/n973
outNorth/n974
outNorth/n977
outNorth/n978
outNorth/n979
outNorth/n981
outNorth/n982
outNorth/n983
outNorth/n986
outNorth/n987
outNorth/n988
outNorth/n989
outNorth/n990
outNorth/n991
outNorth/n994
outNorth/n995
outNorth/n996
outNorth/n1001
outNorth/n1002
outNorth/n1003
outNorth/n1008
outNorth/n1009
outNorth/n1010
outNorth/n1016
outNorth/n1017
outNorth/n1018
outNorth/n1025
outNorth/n1026
outNorth/n1027
outNorth/n1032
outNorth/n1033
outNorth/n1034
outNorth/n1039
outNorth/n1040
outNorth/n1041
outNorth/n1045
outNorth/n1046
outNorth/n1047
outNorth/n1054
outNorth/n1055
outNorth/n1056
outNorth/n1057
outNorth/n1060
outNorth/n1061
outNorth/n1062
outNorth/n1065
outNorth/n1066
outNorth/n1067
outNorth/n1071
outNorth/n1072
outNorth/n1073
outNorth/n1075
outNorth/n1076
outNorth/n1077
outNorth/n1082
outNorth/n1083
outNorth/n1084
outNorth/n1087
outNorth/n1088
outNorth/n1089
outNorth/n1092
outNorth/n1094
outNorth/n1095
outNorth/n1096
outNorth/n1101
outNorth/n1102
outNorth/n1103
outNorth/n1108
outNorth/n1109
outNorth/n1110
outNorth/n1337
outNorth/n1338
outNorth/n1339
outNorth/n1343
outNorth/n1344
outNorth/n1345
outNorth/n1349
outNorth/n1350
outNorth/n1351
outNorth/n1352
outNorth/n1354
outNorth/n1355
outNorth/n1356
outNorth/n1359
outNorth/n1360
outNorth/n1361
outNorth/n1362
outNorth/n1366
outNorth/n1367
outNorth/n1368
outNorth/n1370
outNorth/n1371
outNorth/n1372
outNorth/n1377
outNorth/n1378
outNorth/n1379
outNorth/n1384
outNorth/n1385
outNorth/n1386
outNorth/n1389
outNorth/n1390
outNorth/n1391
outNorth/n1394
outNorth/n1395
outNorth/n1396
outNorth/n1397
outNorth/n1399
outNorth/n1400
outNorth/n1401
outNorth/n1403
outNorth/n1404
outNorth/n1405
outNorth/n1408
outNorth/n1409
outNorth/n1410
outNorth/n1415
outNorth/n1416
outNorth/n1417
outNorth/n1420
outNorth/n1421
outNorth/n1422
outNorth/n1425
outNorth/n1426
outNorth/n1427
outNorth/n1428
outNorth/n1429
outNorth/n1433
outNorth/n1434
outNorth/n1435
outNorth/n1437
outNorth/n1438
outNorth/n1439
outNorth/n1443
outNorth/n1444
outNorth/n1445
outNorth/n1448
outNorth/n1449
outNorth/n1450
outNorth/n1452
outNorth/n1453
outNorth/n1454
outNorth/n1456
outNorth/n1457
outNorth/n1458
outNorth/n1459
outNorth/n1460
outNorth/n1463
outNorth/n1464
outNorth/n1465
outNorth/n1468
outNorth/n1469
outNorth/n1470
outNorth/n1473
outNorth/n1474
outNorth/n1475
outNorth/n1477
outNorth/n1478
outNorth/n1479
outNorth/n1484
outNorth/n1485
outNorth/n1486
outNorth/n1489
outNorth/n1493
outNorth/n1494
outNorth/n1495
outNorth/n1496
outNorth/n1504
outNorth/n1505
outNorth/n1506
outNorth/n1512
outNorth/n1513
outNorth/n1514
outNorth/n1519
outNorth/n1520
outNorth/n1521
outNorth/n1527
outNorth/n1528
outNorth/n1529
outNorth/n1535
outNorth/n1536
outNorth/n1537
outNorth/n1544
outNorth/n1545
outNorth/n1546
outNorth/n1547
outNorth/n1553
outNorth/n1554
outNorth/n1555
outNorth/n1561
outNorth/n1562
outNorth/n1563
outNorth/n1569
outNorth/n1570
outNorth/n1571
outNorth/n1579
outNorth/n1580
outNorth/n1581
outNorth/n1583
outNorth/n1584
outNorth/n1585
outNorth/n1586
outNorth/n1587
outNorth/n1588
outNorth/n1589
outNorth/n1590
outNorth/n1591
outNorth/n1593
outNorth/n1594
outNorth/n1595
outNorth/n1596
outNorth/n1597
outNorth/n1598
outNorth/n1599
outNorth/n1600
outNorth/n1601
outNorth/n1602
outNorth/n1604
outNorth/n1605
outNorth/n1608
outNorth/n1609
outNorth/n1610
outNorth/n1611
outNorth/n1612
outNorth/n1613
outNorth/n1614
outNorth/n1615
outNorth/n1617
outNorth/n1618
outNorth/n1619
outNorth/n1620
outNorth/n1621
outNorth/n1622
outNorth/n1623
outNorth/n1624
outNorth/n1626
outNorth/n1627
outNorth/n1629
outNorth/n1630
outNorth/n1631
outNorth/n1632
outNorth/n1633
outNorth/n1634
outNorth/n1635
outNorth/n1636
outNorth/n1638
outNorth/n1639
outNorth/n1640
outNorth/n1641
outNorth/n1642
outNorth/n1644
outNorth/n1645
outNorth/n1646
outNorth/n1647
outNorth/n1648
outNorth/n1650
outNorth/n1651
outNorth/n1654
outNorth/n1655
outNorth/n1656
outNorth/n1657
outNorth/n1658
outNorth/n1659
outNorth/n1661
outNorth/n1662
outNorth/n1663
outNorth/n1664
outNorth/n1666
outNorth/n1667
outNorth/n1668
outNorth/n1670
outNorth/n1671
outNorth/n1672
outNorth/n1673
outNorth/n1674
outNorth/n1675
outNorth/n1678
outNorth/n1679
outNorth/n1680
outNorth/n1686
outNorth/n1687
outNorth/n1688
outNorth/n1695
outNorth/n1696
outNorth/n1697
outNorth/n1702
outNorth/n1703
outNorth/n1704
outNorth/n1707
outNorth/n1708
outNorth/n1709
outNorth/n1715
outNorth/n1716
outNorth/n1717
outNorth/n1725
outNorth/n1726
outNorth/n1727
outNorth/n1731
outNorth/n1732
outNorth/n1733
outNorth/n1735
outNorth/n1736
outNorth/n1737
outNorth/n1744
outNorth/n1745
outNorth/n1746
outNorth/n1752
outNorth/n1753
outNorth/n1754
outNorth/n1759
outNorth/n1760
outNorth/n1761
outNorth/n1764
outNorth/n1765
outNorth/n1766
outNorth/n1773
outNorth/n1774
outNorth/n1775
outNorth/n1784
outNorth/n1785
outNorth/n1786
outNorth/n1792
outNorth/n1793
outNorth/n1794
outNorth/n1797
outNorth/n1798
outNorth/n1799
outNorth/n1805
outNorth/n1806
outNorth/n1807
outNorth/n1812
outNorth/n1813
outNorth/n1814
outNorth/n1822
outNorth/n1823
outNorth/n1824
outNorth/n1826
outNorth/n1827
outNorth/n1828
outNorth/n1833
outNorth/n1834
outNorth/n1835
outNorth/n1842
outNorth/n1843
outNorth/n1844
outNorth/n1848
outNorth/n1849
outNorth/n1850
outNorth/n1855
outNorth/n1856
outNorth/n1857
outNorth/n1866
outNorth/n1867
outNorth/n1868
outNorth/n1878
outNorth/n1879
outNorth/n1880
outNorth/n1889
outNorth/n1890
outNorth/n1891
outNorth/n1897
outNorth/n1898
outNorth/n1899
outNorth/n1908
outNorth/n1909
outNorth/n1910
outNorth/n1920
outNorth/n1921
outNorth/n1922
outNorth/n1931
outNorth/n1932
outNorth/n1933
outNorth/n1949
outNorth/n1952
outNorth/n1953
outNorth/n1954
outNorth/n1955
outNorth/n1956
outNorth/n1958
outNorth/n1959
outNorth/n1960
outNorth/n1961
outNorth/n1962
outNorth/n1963
outSouth/N2624
outSouth/n1
outSouth/n2
outSouth/n3
outSouth/n4
outSouth/n5
outSouth/n6
outSouth/n7
outSouth/n8
outSouth/n9
outSouth/n10
outSouth/n11
outSouth/n12
outSouth/n13
outSouth/n14
outSouth/n16
outSouth/n17
outSouth/n18
outSouth/n19
outSouth/n20
outSouth/n23
outSouth/n24
outSouth/n25
outSouth/n26
outSouth/n27
outSouth/n29
outSouth/n31
outSouth/n34
outSouth/n35
outSouth/n36
outSouth/n37
outSouth/n38
outSouth/n39
outSouth/n40
outSouth/n41
outSouth/n42
outSouth/n43
outSouth/n45
outSouth/n46
outSouth/n48
outSouth/n49
outSouth/n50
outSouth/n54
outSouth/n55
outSouth/n56
outSouth/n57
outSouth/n60
outSouth/n61
outSouth/n62
outSouth/n63
outSouth/n64
outSouth/n65
outSouth/n66
outSouth/n70
outSouth/n71
outSouth/n73
outSouth/n76
outSouth/n78
outSouth/n80
outSouth/n81
outSouth/n83
outSouth/n84
outSouth/n85
outSouth/n86
outSouth/n87
outSouth/n88
outSouth/n90
outSouth/n91
outSouth/n93
outSouth/n94
outSouth/n95
outSouth/n96
outSouth/n98
outSouth/n99
outSouth/n101
outSouth/n102
outSouth/n106
outSouth/n107
outSouth/n108
outSouth/n109
outSouth/n112
outSouth/n113
outSouth/n117
outSouth/n118
outSouth/n121
outSouth/n122
outSouth/n123
outSouth/n124
outSouth/n125
outSouth/n127
outSouth/n128
outSouth/n129
outSouth/n130
outSouth/n131
outSouth/n132
outSouth/n133
outSouth/n135
outSouth/n136
outSouth/n138
outSouth/n139
outSouth/n142
outSouth/n143
outSouth/n144
outSouth/n147
outSouth/n148
outSouth/n149
outSouth/n151
outSouth/n152
outSouth/n153
outSouth/n155
outSouth/n156
outSouth/n157
outSouth/n159
outSouth/n161
outSouth/n162
outSouth/n163
outSouth/n166
outSouth/n167
outSouth/n168
outSouth/n172
outSouth/n173
outSouth/n174
outSouth/n176
outSouth/n177
outSouth/n178
outSouth/n179
outSouth/n181
outSouth/n182
outSouth/n183
outSouth/n184
outSouth/n185
outSouth/n186
outSouth/n187
outSouth/n189
outSouth/n190
outSouth/n191
outSouth/n194
outSouth/n195
outSouth/n196
outSouth/n197
outSouth/n199
outSouth/n200
outSouth/n202
outSouth/n203
outSouth/n205
outSouth/n206
outSouth/n210
outSouth/n211
outSouth/n213
outSouth/n214
outSouth/n215
outSouth/n216
outSouth/n218
outSouth/n219
outSouth/n220
outSouth/n222
outSouth/n223
outSouth/n224
outSouth/n226
outSouth/n227
outSouth/n232
outSouth/n233
outSouth/n235
outSouth/n237
outSouth/n238
outSouth/n241
outSouth/n242
outSouth/n243
outSouth/n244
outSouth/n245
outSouth/n246
outSouth/n249
outSouth/n250
outSouth/n252
outSouth/n253
outSouth/n255
outSouth/n256
outSouth/n258
outSouth/n260
outSouth/n261
outSouth/n262
outSouth/n263
outSouth/n264
outSouth/n266
outSouth/n268
outSouth/n270
outSouth/n271
outSouth/n272
outSouth/n273
outSouth/n274
outSouth/n276
outSouth/n277
outSouth/n279
outSouth/n280
outSouth/n283
outSouth/n284
outSouth/n285
outSouth/n288
outSouth/n289
outSouth/n290
outSouth/n291
outSouth/n292
outSouth/n293
outSouth/n295
outSouth/n296
outSouth/n299
outSouth/n300
outSouth/n303
outSouth/n304
outSouth/n305
outSouth/n306
outSouth/n307
outSouth/n308
outSouth/n310
outSouth/n311
outSouth/n313
outSouth/n314
outSouth/n316
outSouth/n319
outSouth/n320
outSouth/n324
outSouth/n325
outSouth/n332
outSouth/n333
outSouth/n334
outSouth/n340
outSouth/n341
outSouth/n345
outSouth/n346
outSouth/n347
outSouth/n351
outSouth/n352
outSouth/n356
outSouth/n357
outSouth/n363
outSouth/n364
outSouth/n369
outSouth/n370
outSouth/n372
outSouth/n374
outSouth/n375
outSouth/n378
outSouth/n379
outSouth/n382
outSouth/n383
outSouth/n385
outSouth/n386
outSouth/n387
outSouth/n389
outSouth/n390
outSouth/n395
outSouth/n396
outSouth/n402
outSouth/n403
outSouth/n409
outSouth/n410
outSouth/n412
outSouth/n416
outSouth/n417
outSouth/n419
outSouth/n421
outSouth/n422
outSouth/n425
outSouth/n426
outSouth/n432
outSouth/n433
outSouth/n438
outSouth/n439
outSouth/n443
outSouth/n445
outSouth/n448
outSouth/n449
outSouth/n454
outSouth/n459
outSouth/n463
outSouth/n464
outSouth/n466
outSouth/n468
outSouth/n469
outSouth/n470
outSouth/n472
outSouth/n474
outSouth/n475
outSouth/n476
outSouth/n477
outSouth/n478
outSouth/n479
outSouth/n481
outSouth/n482
outSouth/n483
outSouth/n484
outSouth/n486
outSouth/n487
outSouth/n488
outSouth/n489
outSouth/n490
outSouth/n491
outSouth/n493
outSouth/n494
outSouth/n496
outSouth/n499
outSouth/n500
outSouth/n504
outSouth/n506
outSouth/n507
outSouth/n508
outSouth/n513
outSouth/n517
outSouth/n518
outSouth/n520
outSouth/n523
outSouth/n528
outSouth/n530
outSouth/n532
outSouth/n534
outSouth/n535
outSouth/n536
outSouth/n538
outSouth/n539
outSouth/n540
outSouth/n541
outSouth/n543
outSouth/n545
outSouth/n547
outSouth/n548
outSouth/n549
outSouth/n551
outSouth/n552
outSouth/n553
outSouth/n554
outSouth/n556
outSouth/n557
outSouth/n558
outSouth/n560
outSouth/n561
outSouth/n562
outSouth/n572
outSouth/n574
outSouth/n575
outSouth/n576
outSouth/n577
outSouth/n578
outSouth/n579
outSouth/n580
outSouth/n582
outSouth/n583
outSouth/n584
outSouth/n585
outSouth/n586
outSouth/n587
outSouth/n589
outSouth/n591
outSouth/n592
outSouth/n593
outSouth/n596
outSouth/n597
outSouth/n598
outSouth/n601
outSouth/n603
outSouth/n604
outSouth/n605
outSouth/n607
outSouth/n608
outSouth/n609
outSouth/n611
outSouth/n616
outSouth/n618
outSouth/n619
outSouth/n620
outSouth/n622
outSouth/n623
outSouth/n624
outSouth/n635
outSouth/n637
outSouth/n638
outSouth/n639
outSouth/n641
outSouth/n642
outSouth/n643
outSouth/n644
outSouth/n646
outSouth/n648
outSouth/n649
outSouth/n650
outSouth/n653
outSouth/n654
outSouth/n655
outSouth/n659
outSouth/n661
outSouth/n662
outSouth/n663
outSouth/n664
outSouth/n665
outSouth/n666
outSouth/n681
outSouth/n683
outSouth/n684
outSouth/n685
outSouth/n686
outSouth/n687
outSouth/n688
outSouth/n690
outSouth/n692
outSouth/n693
outSouth/n695
outSouth/n697
outSouth/n698
outSouth/n699
outSouth/n701
outSouth/n702
outSouth/n703
outSouth/n707
outSouth/n709
outSouth/n710
outSouth/n711
outSouth/n712
outSouth/n713
outSouth/n714
outSouth/n718
outSouth/n719
outSouth/n721
outSouth/n723
outSouth/n724
outSouth/n725
outSouth/n726
outSouth/n727
outSouth/n728
outSouth/n738
outSouth/n740
outSouth/n741
outSouth/n742
outSouth/n744
outSouth/n745
outSouth/n746
outSouth/n753
outSouth/n755
outSouth/n756
outSouth/n757
outSouth/n759
outSouth/n760
outSouth/n761
outSouth/n768
outSouth/n770
outSouth/n771
outSouth/n772
outSouth/n773
outSouth/n774
outSouth/n775
outSouth/n777
outSouth/n779
outSouth/n780
outSouth/n781
outSouth/n783
outSouth/n784
outSouth/n785
outSouth/n797
outSouth/n799
outSouth/n800
outSouth/n801
outSouth/n803
outSouth/n804
outSouth/n805
outSouth/n815
outSouth/n817
outSouth/n818
outSouth/n819
outSouth/n822
outSouth/n823
outSouth/n824
outSouth/n827
outSouth/n829
outSouth/n830
outSouth/n831
outSouth/n834
outSouth/n835
outSouth/n836
outSouth/n837
outSouth/n838
outSouth/n840
outSouth/n841
outSouth/n842
outSouth/n846
outSouth/n847
outSouth/n848
outSouth/n860
outSouth/n861
outSouth/n863
outSouth/n864
outSouth/n865
outSouth/n870
outSouth/n871
outSouth/n872
outSouth/n875
outSouth/n876
outSouth/n877
outSouth/n878
outSouth/n879
outSouth/n880
outSouth/n883
outSouth/n884
outSouth/n885
outSouth/n888
outSouth/n889
outSouth/n890
outSouth/n891
outSouth/n892
outSouth/n893
outSouth/n895
outSouth/n896
outSouth/n897
outSouth/n900
outSouth/n901
outSouth/n902
outSouth/n905
outSouth/n906
outSouth/n907
outSouth/n908
outSouth/n909
outSouth/n910
outSouth/n912
outSouth/n913
outSouth/n914
outSouth/n915
outSouth/n916
outSouth/n917
outSouth/n922
outSouth/n923
outSouth/n924
outSouth/n929
outSouth/n930
outSouth/n931
outSouth/n935
outSouth/n936
outSouth/n937
outSouth/n940
outSouth/n941
outSouth/n942
outSouth/n947
outSouth/n948
outSouth/n949
outSouth/n954
outSouth/n955
outSouth/n956
outSouth/n963
outSouth/n964
outSouth/n965
outSouth/n968
outSouth/n971
outSouth/n972
outSouth/n973
outSouth/n977
outSouth/n978
outSouth/n979
outSouth/n980
outSouth/n981
outSouth/n982
outSouth/n986
outSouth/n987
outSouth/n988
outSouth/n990
outSouth/n991
outSouth/n992
outSouth/n995
outSouth/n996
outSouth/n997
outSouth/n1002
outSouth/n1003
outSouth/n1004
outSouth/n1011
outSouth/n1012
outSouth/n1013
outSouth/n1019
outSouth/n1020
outSouth/n1021
outSouth/n1027
outSouth/n1028
outSouth/n1029
outSouth/n1034
outSouth/n1035
outSouth/n1036
outSouth/n1040
outSouth/n1041
outSouth/n1042
outSouth/n1045
outSouth/n1046
outSouth/n1047
outSouth/n1052
outSouth/n1053
outSouth/n1054
outSouth/n1056
outSouth/n1057
outSouth/n1058
outSouth/n1061
outSouth/n1062
outSouth/n1063
outSouth/n1065
outSouth/n1067
outSouth/n1068
outSouth/n1069
outSouth/n1070
outSouth/n1071
outSouth/n1072
outSouth/n1074
outSouth/n1075
outSouth/n1076
outSouth/n1078
outSouth/n1079
outSouth/n1080
outSouth/n1083
outSouth/n1084
outSouth/n1085
outSouth/n1089
outSouth/n1090
outSouth/n1091
outSouth/n1094
outSouth/n1098
outSouth/n1099
outSouth/n1100
outSouth/n1104
outSouth/n1105
outSouth/n1106
outSouth/n1109
outSouth/n1110
outSouth/n1111
outSouth/n1340
outSouth/n1341
outSouth/n1342
outSouth/n1344
outSouth/n1345
outSouth/n1346
outSouth/n1349
outSouth/n1350
outSouth/n1351
outSouth/n1352
outSouth/n1353
outSouth/n1356
outSouth/n1357
outSouth/n1358
outSouth/n1361
outSouth/n1362
outSouth/n1363
outSouth/n1365
outSouth/n1366
outSouth/n1367
outSouth/n1371
outSouth/n1372
outSouth/n1373
outSouth/n1375
outSouth/n1376
outSouth/n1377
outSouth/n1380
outSouth/n1381
outSouth/n1382
outSouth/n1384
outSouth/n1385
outSouth/n1386
outSouth/n1387
outSouth/n1388
outSouth/n1389
outSouth/n1390
outSouth/n1394
outSouth/n1395
outSouth/n1396
outSouth/n1399
outSouth/n1400
outSouth/n1401
outSouth/n1402
outSouth/n1404
outSouth/n1405
outSouth/n1406
outSouth/n1409
outSouth/n1410
outSouth/n1411
outSouth/n1413
outSouth/n1418
outSouth/n1419
outSouth/n1420
outSouth/n1422
outSouth/n1423
outSouth/n1424
outSouth/n1426
outSouth/n1427
outSouth/n1428
outSouth/n1432
outSouth/n1433
outSouth/n1434
outSouth/n1435
outSouth/n1436
outSouth/n1437
outSouth/n1438
outSouth/n1441
outSouth/n1442
outSouth/n1443
outSouth/n1444
outSouth/n1446
outSouth/n1447
outSouth/n1448
outSouth/n1450
outSouth/n1451
outSouth/n1452
outSouth/n1453
outSouth/n1454
outSouth/n1455
outSouth/n1458
outSouth/n1459
outSouth/n1460
outSouth/n1462
outSouth/n1466
outSouth/n1467
outSouth/n1468
outSouth/n1475
outSouth/n1476
outSouth/n1477
outSouth/n1479
outSouth/n1487
outSouth/n1488
outSouth/n1489
outSouth/n1495
outSouth/n1496
outSouth/n1497
outSouth/n1502
outSouth/n1503
outSouth/n1504
outSouth/n1511
outSouth/n1512
outSouth/n1513
outSouth/n1520
outSouth/n1521
outSouth/n1522
outSouth/n1525
outSouth/n1530
outSouth/n1531
outSouth/n1532
outSouth/n1533
outSouth/n1538
outSouth/n1539
outSouth/n1540
outSouth/n1545
outSouth/n1546
outSouth/n1547
outSouth/n1553
outSouth/n1554
outSouth/n1555
outSouth/n1561
outSouth/n1562
outSouth/n1563
outSouth/n1565
outSouth/n1567
outSouth/n1568
outSouth/n1569
outSouth/n1570
outSouth/n1571
outSouth/n1572
outSouth/n1573
outSouth/n1575
outSouth/n1576
outSouth/n1577
outSouth/n1578
outSouth/n1579
outSouth/n1580
outSouth/n1581
outSouth/n1582
outSouth/n1583
outSouth/n1584
outSouth/n1586
outSouth/n1587
outSouth/n1591
outSouth/n1592
outSouth/n1593
outSouth/n1594
outSouth/n1595
outSouth/n1596
outSouth/n1597
outSouth/n1599
outSouth/n1600
outSouth/n1601
outSouth/n1602
outSouth/n1603
outSouth/n1604
outSouth/n1605
outSouth/n1606
outSouth/n1608
outSouth/n1609
outSouth/n1611
outSouth/n1612
outSouth/n1613
outSouth/n1614
outSouth/n1615
outSouth/n1616
outSouth/n1617
outSouth/n1618
outSouth/n1620
outSouth/n1621
outSouth/n1623
outSouth/n1624
outSouth/n1625
outSouth/n1627
outSouth/n1628
outSouth/n1629
outSouth/n1630
outSouth/n1631
outSouth/n1633
outSouth/n1634
outSouth/n1636
outSouth/n1637
outSouth/n1638
outSouth/n1639
outSouth/n1640
outSouth/n1641
outSouth/n1643
outSouth/n1644
outSouth/n1645
outSouth/n1646
outSouth/n1648
outSouth/n1649
outSouth/n1650
outSouth/n1652
outSouth/n1653
outSouth/n1654
outSouth/n1656
outSouth/n1657
outSouth/n1658
outSouth/n1662
outSouth/n1663
outSouth/n1664
outSouth/n1671
outSouth/n1672
outSouth/n1673
outSouth/n1678
outSouth/n1679
outSouth/n1680
outSouth/n1686
outSouth/n1687
outSouth/n1688
outSouth/n1691
outSouth/n1692
outSouth/n1693
outSouth/n1699
outSouth/n1700
outSouth/n1701
outSouth/n1706
outSouth/n1707
outSouth/n1708
outSouth/n1714
outSouth/n1715
outSouth/n1716
outSouth/n1720
outSouth/n1721
outSouth/n1722
outSouth/n1728
outSouth/n1729
outSouth/n1730
outSouth/n1739
outSouth/n1740
outSouth/n1741
outSouth/n1748
outSouth/n1749
outSouth/n1750
outSouth/n1753
outSouth/n1754
outSouth/n1755
outSouth/n1761
outSouth/n1762
outSouth/n1763
outSouth/n1771
outSouth/n1772
outSouth/n1773
outSouth/n1777
outSouth/n1778
outSouth/n1779
outSouth/n1783
outSouth/n1784
outSouth/n1785
outSouth/n1791
outSouth/n1792
outSouth/n1793
outSouth/n1797
outSouth/n1798
outSouth/n1799
outSouth/n1806
outSouth/n1807
outSouth/n1808
outSouth/n1811
outSouth/n1812
outSouth/n1813
outSouth/n1818
outSouth/n1819
outSouth/n1820
outSouth/n1827
outSouth/n1828
outSouth/n1829
outSouth/n1834
outSouth/n1835
outSouth/n1836
outSouth/n1842
outSouth/n1843
outSouth/n1844
outSouth/n1853
outSouth/n1854
outSouth/n1855
outSouth/n1866
outSouth/n1867
outSouth/n1868
outSouth/n1876
outSouth/n1877
outSouth/n1878
outSouth/n1884
outSouth/n1885
outSouth/n1886
outSouth/n1894
outSouth/n1895
outSouth/n1896
outSouth/n1906
outSouth/n1907
outSouth/n1908
outSouth/n1915
outSouth/n1916
outSouth/n1917
outSouth/n1933
outSouth/n1934
outSouth/n1936
outSouth/n1937
outSouth/n1938
outSouth/n1939
outSouth/n1940
outSouth/n1942
outSouth/n1943
outSouth/n1944
outSouth/n1945
outSouth/n1946
outSouth/n1957
outSouth/n1958
outSouth/n1959
outSouth/n1960
outSouth/n1961
outSouth/n1963
outSouth/n1964
outSouth/n1965
outSouth/n1966
outSouth/n1967
outSouth/n1968
outSouth/n1969
outSouth/n1970
outSouth/n1971
outSouth/n1972
outSouth/n1973
outSouth/n1974
outSouth/n1975
outSouth/n1976
outSouth/n1977
outSouth/n1978
outSouth/n1979
outSouth/n1980
outSouth/n1981
outSouth/n1982
outSouth/n1983
outSouth/n1984
outSouth/n1985
outSouth/n1986
outSouth/n1987
outSouth/n1988
outSouth/n1989
outSouth/n1990
outSouth/n1991
outSouth/n1992
outSouth/n1993
outSouth/n1994
outSouth/n1995
outSouth/n1996
outSouth/n1997
outSouth/n1998
outSouth/n1999
outSouth/n2000
outSouth/n2001
outSouth/n2002
outSouth/n2003
outSouth/n2004
outSouth/n2005
outSouth/n2006
outSouth/n2007
outSouth/n2008
outSouth/n2009
outSouth/n2010
outSouth/n2011
outSouth/n2012
outSouth/n2013
outSouth/n2014
outSouth/n2015
outSouth/n2016
outSouth/n2017
outSouth/n2018
outSouth/n2019
outSouth/n2020
outSouth/n2021
outSouth/n2022
outSouth/n2023
outSouth/n2024
outSouth/n2025
outSouth/n2026
outSouth/n2027
outSouth/n2028
outSouth/n2029
outSouth/n2030
outSouth/n2031
outSouth/n2032
outSouth/n2033
outSouth/n2034
outSouth/n2035
outSouth/n2036
outSouth/n2037
outSouth/n2038
outSouth/n2039
outSouth/n2040
outSouth/n2041
outSouth/n2042
outSouth/n2043
outSouth/n2044
outSouth/n2045
outSouth/n2046
outSouth/n2047
outSouth/n2048
outSouth/n2049
outSouth/n2050
outSouth/n2051
outSouth/n2052
outSouth/n2053
outSouth/n2054
outSouth/n2055
outSouth/n2056
outSouth/n2057
outSouth/n2058
outSouth/n2059
outSouth/n2060
outSouth/n2061
outSouth/n2062
outSouth/n2063
outSouth/n2064
outSouth/n2065
outSouth/n2066
outSouth/n2067
outSouth/n2068
outSouth/n2069
outSouth/n2070
outSouth/n2071
outSouth/n2072
outSouth/n2073
outSouth/n2074
outSouth/n2075
outSouth/n2076
outSouth/n2077
outSouth/n2078
outSouth/n2079
outSouth/n2080
outSouth/n2081
outSouth/n2082
outSouth/n2083
outSouth/n2084
outSouth/n2085
outSouth/n2086
outSouth/n2087
outSouth/n2088
outSouth/n2089
outSouth/n2090
outSouth/n2091
outSouth/n2092
outSouth/n2093
outSouth/n2094
outSouth/n2095
outSouth/n2096
outSouth/n2097
outSouth/n2098
outSouth/n2099
outSouth/n2100
outSouth/n2101
outSouth/n2102
outSouth/n2103
outSouth/n2104
outSouth/n2105
outSouth/n2106
outSouth/n2107
outSouth/n2108
outSouth/n2109
outSouth/n2110
outSouth/n2111
outSouth/n2112
outSouth/n2113
outSouth/n2114
outSouth/n2115
outSouth/n2116
outSouth/n2117
outSouth/n2118
outSouth/n2119
outSouth/n2120
outSouth/n2121
outSouth/n2122
outSouth/n2123
outSouth/n2124
outSouth/n2125
outSouth/n2126
outSouth/n2127
outSouth/n2128
outSouth/n2129
outSouth/n2130
outSouth/n2131
outSouth/n2132
outSouth/n2133
outSouth/n2134
outSouth/n2135
outSouth/n2136
outSouth/n2137
outSouth/n2138
outSouth/n2139
outSouth/n2140
outSouth/n2141
outSouth/n2142
outSouth/n2143
outSouth/n2144
outSouth/n2145
outSouth/n2146
outSouth/n2147
outSouth/n2148
outSouth/n2149
outSouth/n2150
outSouth/n2151
outSouth/n2152
outSouth/n2153
outSouth/n2154
outSouth/n2155
outSouth/n2156
outSouth/n2157
outSouth/n2158
outSouth/n2159
outSouth/n2160
outSouth/n2161
outSouth/n2162
outSouth/n2163
outSouth/n2164
outSouth/n2165
outSouth/n2166
outSouth/n2167
outSouth/n2168
outSouth/n2169
outSouth/n2170
outSouth/n2171
outSouth/n2172
outSouth/n2173
outSouth/n2174
outSouth/n2175
outSouth/n2176
outSouth/n2177
outSouth/n2178
outEast/N2624
outEast/n1
outEast/n2
outEast/n3
outEast/n4
outEast/n5
outEast/n6
outEast/n7
outEast/n8
outEast/n9
outEast/n10
outEast/n11
outEast/n12
outEast/n14
outEast/n15
outEast/n16
outEast/n17
outEast/n18
outEast/n20
outEast/n21
outEast/n22
outEast/n23
outEast/n24
outEast/n26
outEast/n28
outEast/n31
outEast/n32
outEast/n34
outEast/n35
outEast/n36
outEast/n37
outEast/n38
outEast/n39
outEast/n40
outEast/n42
outEast/n43
outEast/n47
outEast/n48
outEast/n51
outEast/n52
outEast/n53
outEast/n55
outEast/n59
outEast/n60
outEast/n61
outEast/n63
outEast/n64
outEast/n66
outEast/n67
outEast/n71
outEast/n72
outEast/n75
outEast/n76
outEast/n78
outEast/n82
outEast/n84
outEast/n86
outEast/n87
outEast/n88
outEast/n89
outEast/n91
outEast/n92
outEast/n94
outEast/n95
outEast/n96
outEast/n97
outEast/n99
outEast/n100
outEast/n104
outEast/n105
outEast/n106
outEast/n108
outEast/n109
outEast/n111
outEast/n112
outEast/n113
outEast/n114
outEast/n116
outEast/n117
outEast/n120
outEast/n121
outEast/n123
outEast/n125
outEast/n126
outEast/n127
outEast/n128
outEast/n129
outEast/n131
outEast/n132
outEast/n133
outEast/n134
outEast/n135
outEast/n136
outEast/n137
outEast/n138
outEast/n139
outEast/n141
outEast/n142
outEast/n143
outEast/n147
outEast/n148
outEast/n151
outEast/n152
outEast/n154
outEast/n155
outEast/n156
outEast/n160
outEast/n161
outEast/n162
outEast/n163
outEast/n165
outEast/n166
outEast/n167
outEast/n170
outEast/n171
outEast/n172
outEast/n175
outEast/n176
outEast/n177
outEast/n178
outEast/n179
outEast/n180
outEast/n181
outEast/n183
outEast/n184
outEast/n185
outEast/n186
outEast/n187
outEast/n188
outEast/n191
outEast/n192
outEast/n195
outEast/n196
outEast/n197
outEast/n199
outEast/n201
outEast/n202
outEast/n203
outEast/n204
outEast/n206
outEast/n207
outEast/n208
outEast/n209
outEast/n212
outEast/n213
outEast/n216
outEast/n217
outEast/n219
outEast/n220
outEast/n221
outEast/n222
outEast/n223
outEast/n225
outEast/n226
outEast/n227
outEast/n229
outEast/n230
outEast/n232
outEast/n233
outEast/n236
outEast/n237
outEast/n239
outEast/n242
outEast/n243
outEast/n245
outEast/n247
outEast/n248
outEast/n250
outEast/n251
outEast/n253
outEast/n254
outEast/n257
outEast/n258
outEast/n262
outEast/n263
outEast/n266
outEast/n267
outEast/n268
outEast/n270
outEast/n272
outEast/n274
outEast/n275
outEast/n276
outEast/n277
outEast/n278
outEast/n280
outEast/n281
outEast/n283
outEast/n284
outEast/n287
outEast/n288
outEast/n289
outEast/n292
outEast/n293
outEast/n294
outEast/n295
outEast/n297
outEast/n298
outEast/n300
outEast/n301
outEast/n303
outEast/n304
outEast/n306
outEast/n307
outEast/n309
outEast/n310
outEast/n312
outEast/n313
outEast/n315
outEast/n316
outEast/n318
outEast/n319
outEast/n321
outEast/n322
outEast/n326
outEast/n327
outEast/n332
outEast/n333
outEast/n339
outEast/n340
outEast/n341
outEast/n347
outEast/n348
outEast/n352
outEast/n353
outEast/n354
outEast/n358
outEast/n359
outEast/n364
outEast/n365
outEast/n370
outEast/n371
outEast/n377
outEast/n378
outEast/n380
outEast/n382
outEast/n383
outEast/n386
outEast/n387
outEast/n390
outEast/n391
outEast/n393
outEast/n394
outEast/n395
outEast/n397
outEast/n398
outEast/n402
outEast/n403
outEast/n408
outEast/n409
outEast/n414
outEast/n415
outEast/n416
outEast/n420
outEast/n421
outEast/n422
outEast/n426
outEast/n427
outEast/n429
outEast/n430
outEast/n433
outEast/n434
outEast/n438
outEast/n439
outEast/n441
outEast/n446
outEast/n450
outEast/n453
outEast/n454
outEast/n457
outEast/n459
outEast/n460
outEast/n461
outEast/n463
outEast/n465
outEast/n466
outEast/n467
outEast/n468
outEast/n469
outEast/n470
outEast/n471
outEast/n473
outEast/n474
outEast/n475
outEast/n476
outEast/n477
outEast/n478
outEast/n479
outEast/n480
outEast/n488
outEast/n489
outEast/n491
outEast/n492
outEast/n494
outEast/n498
outEast/n503
outEast/n505
outEast/n506
outEast/n507
outEast/n511
outEast/n516
outEast/n517
outEast/n522
outEast/n527
outEast/n529
outEast/n532
outEast/n533
outEast/n534
outEast/n535
outEast/n537
outEast/n538
outEast/n539
outEast/n540
outEast/n542
outEast/n544
outEast/n545
outEast/n546
outEast/n547
outEast/n548
outEast/n550
outEast/n551
outEast/n552
outEast/n554
outEast/n555
outEast/n556
outEast/n557
outEast/n559
outEast/n560
outEast/n561
outEast/n572
outEast/n573
outEast/n574
outEast/n575
outEast/n576
outEast/n577
outEast/n578
outEast/n580
outEast/n581
outEast/n582
outEast/n583
outEast/n584
outEast/n585
outEast/n586
outEast/n589
outEast/n590
outEast/n591
outEast/n592
outEast/n595
outEast/n596
outEast/n597
outEast/n601
outEast/n602
outEast/n603
outEast/n604
outEast/n606
outEast/n607
outEast/n608
outEast/n610
outEast/n616
outEast/n617
outEast/n618
outEast/n619
outEast/n621
outEast/n622
outEast/n623
outEast/n635
outEast/n636
outEast/n637
outEast/n638
outEast/n640
outEast/n641
outEast/n642
outEast/n643
outEast/n646
outEast/n647
outEast/n648
outEast/n649
outEast/n652
outEast/n653
outEast/n654
outEast/n658
outEast/n659
outEast/n660
outEast/n661
outEast/n662
outEast/n663
outEast/n664
outEast/n665
outEast/n680
outEast/n681
outEast/n682
outEast/n683
outEast/n684
outEast/n685
outEast/n686
outEast/n687
outEast/n689
outEast/n691
outEast/n692
outEast/n693
outEast/n694
outEast/n695
outEast/n696
outEast/n697
outEast/n698
outEast/n700
outEast/n701
outEast/n702
outEast/n706
outEast/n707
outEast/n708
outEast/n709
outEast/n710
outEast/n711
outEast/n712
outEast/n713
outEast/n717
outEast/n718
outEast/n719
outEast/n720
outEast/n721
outEast/n722
outEast/n723
outEast/n724
outEast/n725
outEast/n726
outEast/n727
outEast/n737
outEast/n738
outEast/n739
outEast/n740
outEast/n741
outEast/n743
outEast/n744
outEast/n745
outEast/n752
outEast/n753
outEast/n754
outEast/n755
outEast/n756
outEast/n758
outEast/n759
outEast/n760
outEast/n767
outEast/n768
outEast/n769
outEast/n770
outEast/n771
outEast/n772
outEast/n773
outEast/n774
outEast/n777
outEast/n778
outEast/n779
outEast/n780
outEast/n782
outEast/n783
outEast/n784
outEast/n797
outEast/n798
outEast/n799
outEast/n800
outEast/n802
outEast/n803
outEast/n804
outEast/n815
outEast/n816
outEast/n817
outEast/n818
outEast/n821
outEast/n822
outEast/n823
outEast/n827
outEast/n828
outEast/n829
outEast/n830
outEast/n833
outEast/n834
outEast/n835
outEast/n836
outEast/n838
outEast/n839
outEast/n840
outEast/n841
outEast/n845
outEast/n846
outEast/n847
outEast/n859
outEast/n861
outEast/n862
outEast/n863
outEast/n864
outEast/n869
outEast/n870
outEast/n871
outEast/n875
outEast/n876
outEast/n877
outEast/n878
outEast/n879
outEast/n880
outEast/n882
outEast/n883
outEast/n884
outEast/n886
outEast/n887
outEast/n888
outEast/n889
outEast/n890
outEast/n891
outEast/n892
outEast/n895
outEast/n896
outEast/n897
outEast/n898
outEast/n899
outEast/n900
outEast/n904
outEast/n905
outEast/n906
outEast/n908
outEast/n909
outEast/n910
outEast/n912
outEast/n913
outEast/n914
outEast/n915
outEast/n916
outEast/n917
outEast/n920
outEast/n921
outEast/n922
outEast/n927
outEast/n928
outEast/n929
outEast/n933
outEast/n934
outEast/n935
outEast/n938
outEast/n939
outEast/n940
outEast/n945
outEast/n946
outEast/n947
outEast/n951
outEast/n952
outEast/n953
outEast/n960
outEast/n961
outEast/n962
outEast/n965
outEast/n968
outEast/n969
outEast/n970
outEast/n975
outEast/n976
outEast/n977
outEast/n978
outEast/n979
outEast/n980
outEast/n982
outEast/n983
outEast/n984
outEast/n986
outEast/n987
outEast/n988
outEast/n992
outEast/n993
outEast/n994
outEast/n999
outEast/n1000
outEast/n1001
outEast/n1007
outEast/n1008
outEast/n1009
outEast/n1014
outEast/n1015
outEast/n1016
outEast/n1023
outEast/n1024
outEast/n1025
outEast/n1030
outEast/n1031
outEast/n1032
outEast/n1036
outEast/n1037
outEast/n1038
outEast/n1041
outEast/n1042
outEast/n1043
outEast/n1048
outEast/n1049
outEast/n1050
outEast/n1052
outEast/n1053
outEast/n1054
outEast/n1057
outEast/n1058
outEast/n1059
outEast/n1061
outEast/n1063
outEast/n1064
outEast/n1065
outEast/n1066
outEast/n1067
outEast/n1068
outEast/n1070
outEast/n1071
outEast/n1072
outEast/n1074
outEast/n1075
outEast/n1076
outEast/n1078
outEast/n1079
outEast/n1080
outEast/n1083
outEast/n1084
outEast/n1085
outEast/n1088
outEast/n1092
outEast/n1093
outEast/n1094
outEast/n1096
outEast/n1097
outEast/n1098
outEast/n1100
outEast/n1101
outEast/n1102
outEast/n1106
outEast/n1107
outEast/n1108
outEast/n1110
outEast/n1111
outEast/n1112
outEast/n1340
outEast/n1341
outEast/n1342
outEast/n1343
outEast/n1344
outEast/n1349
outEast/n1350
outEast/n1351
outEast/n1353
outEast/n1354
outEast/n1355
outEast/n1357
outEast/n1358
outEast/n1359
outEast/n1363
outEast/n1364
outEast/n1365
outEast/n1367
outEast/n1368
outEast/n1369
outEast/n1373
outEast/n1374
outEast/n1375
outEast/n1377
outEast/n1378
outEast/n1379
outEast/n1380
outEast/n1381
outEast/n1382
outEast/n1383
outEast/n1387
outEast/n1388
outEast/n1389
outEast/n1392
outEast/n1393
outEast/n1394
outEast/n1395
outEast/n1397
outEast/n1398
outEast/n1399
outEast/n1402
outEast/n1403
outEast/n1404
outEast/n1406
outEast/n1411
outEast/n1412
outEast/n1413
outEast/n1415
outEast/n1416
outEast/n1417
outEast/n1419
outEast/n1420
outEast/n1421
outEast/n1425
outEast/n1426
outEast/n1427
outEast/n1428
outEast/n1430
outEast/n1431
outEast/n1432
outEast/n1434
outEast/n1435
outEast/n1436
outEast/n1438
outEast/n1441
outEast/n1442
outEast/n1443
outEast/n1447
outEast/n1448
outEast/n1449
outEast/n1451
outEast/n1452
outEast/n1453
outEast/n1455
outEast/n1456
outEast/n1457
outEast/n1459
outEast/n1463
outEast/n1464
outEast/n1465
outEast/n1471
outEast/n1472
outEast/n1473
outEast/n1475
outEast/n1483
outEast/n1484
outEast/n1485
outEast/n1491
outEast/n1492
outEast/n1493
outEast/n1498
outEast/n1499
outEast/n1500
outEast/n1507
outEast/n1508
outEast/n1509
outEast/n1516
outEast/n1517
outEast/n1518
outEast/n1524
outEast/n1525
outEast/n1526
outEast/n1527
outEast/n1532
outEast/n1533
outEast/n1534
outEast/n1540
outEast/n1541
outEast/n1542
outEast/n1550
outEast/n1551
outEast/n1552
outEast/n1559
outEast/n1560
outEast/n1561
outEast/n1563
outEast/n1564
outEast/n1565
outEast/n1566
outEast/n1567
outEast/n1568
outEast/n1569
outEast/n1570
outEast/n1571
outEast/n1573
outEast/n1574
outEast/n1575
outEast/n1576
outEast/n1577
outEast/n1578
outEast/n1579
outEast/n1580
outEast/n1581
outEast/n1582
outEast/n1584
outEast/n1585
outEast/n1588
outEast/n1589
outEast/n1590
outEast/n1591
outEast/n1592
outEast/n1593
outEast/n1594
outEast/n1595
outEast/n1597
outEast/n1598
outEast/n1599
outEast/n1600
outEast/n1601
outEast/n1602
outEast/n1603
outEast/n1604
outEast/n1606
outEast/n1607
outEast/n1609
outEast/n1610
outEast/n1611
outEast/n1612
outEast/n1613
outEast/n1614
outEast/n1615
outEast/n1616
outEast/n1618
outEast/n1619
outEast/n1621
outEast/n1622
outEast/n1623
outEast/n1625
outEast/n1626
outEast/n1627
outEast/n1628
outEast/n1629
outEast/n1631
outEast/n1632
outEast/n1634
outEast/n1635
outEast/n1636
outEast/n1637
outEast/n1638
outEast/n1639
outEast/n1641
outEast/n1642
outEast/n1643
outEast/n1644
outEast/n1646
outEast/n1647
outEast/n1648
outEast/n1650
outEast/n1651
outEast/n1652
outEast/n1654
outEast/n1655
outEast/n1656
outEast/n1660
outEast/n1661
outEast/n1662
outEast/n1667
outEast/n1668
outEast/n1669
outEast/n1675
outEast/n1676
outEast/n1677
outEast/n1683
outEast/n1684
outEast/n1685
outEast/n1687
outEast/n1688
outEast/n1689
outEast/n1695
outEast/n1696
outEast/n1697
outEast/n1702
outEast/n1703
outEast/n1704
outEast/n1708
outEast/n1709
outEast/n1710
outEast/n1715
outEast/n1716
outEast/n1717
outEast/n1724
outEast/n1725
outEast/n1726
outEast/n1733
outEast/n1734
outEast/n1735
outEast/n1741
outEast/n1742
outEast/n1743
outEast/n1746
outEast/n1747
outEast/n1748
outEast/n1754
outEast/n1755
outEast/n1756
outEast/n1764
outEast/n1765
outEast/n1766
outEast/n1770
outEast/n1771
outEast/n1772
outEast/n1776
outEast/n1777
outEast/n1778
outEast/n1783
outEast/n1784
outEast/n1785
outEast/n1790
outEast/n1791
outEast/n1792
outEast/n1799
outEast/n1800
outEast/n1801
outEast/n1804
outEast/n1805
outEast/n1806
outEast/n1811
outEast/n1812
outEast/n1813
outEast/n1818
outEast/n1819
outEast/n1820
outEast/n1825
outEast/n1826
outEast/n1827
outEast/n1834
outEast/n1835
outEast/n1836
outEast/n1846
outEast/n1847
outEast/n1848
outEast/n1858
outEast/n1859
outEast/n1860
outEast/n1867
outEast/n1868
outEast/n1869
outEast/n1875
outEast/n1876
outEast/n1877
outEast/n1885
outEast/n1886
outEast/n1887
outEast/n1897
outEast/n1898
outEast/n1899
outEast/n1906
outEast/n1907
outEast/n1908
outEast/n1924
outEast/n1927
outEast/n1928
outEast/n1929
outEast/n1930
outEast/n1931
outEast/n1933
outEast/n1934
outEast/n1935
outEast/n1936
outEast/n1937
outEast/n1949
outEast/n1950
outEast/n1951
outEast/n1954
outEast/n1955
outEast/n1956
outEast/n1957
outEast/n1958
outEast/n1959
outEast/n1960
outEast/n1961
outEast/n1962
outEast/n1963
outEast/n1964
outEast/n1965
outEast/n1966
outEast/n1967
outEast/n1968
outEast/n1969
outEast/n1970
outEast/n1971
outEast/n1972
outEast/n1973
outEast/n1974
outEast/n1975
outEast/n1976
outEast/n1977
outEast/n1978
outEast/n1979
outEast/n1980
outEast/n1981
outEast/n1982
outEast/n1983
outEast/n1984
outEast/n1985
outEast/n1986
outEast/n1987
outEast/n1988
outEast/n1989
outEast/n1990
outEast/n1991
outEast/n1992
outEast/n1993
outEast/n1994
outEast/n1995
outEast/n1996
outEast/n1997
outEast/n1998
outEast/n1999
outEast/n2000
outEast/n2001
outEast/n2002
outEast/n2003
outEast/n2004
outEast/n2005
outEast/n2006
outEast/n2007
outEast/n2008
outEast/n2009
outEast/n2010
outEast/n2011
outEast/n2012
outEast/n2013
outEast/n2014
outEast/n2015
outEast/n2016
outEast/n2017
outEast/n2018
outEast/n2019
outEast/n2020
outEast/n2021
outEast/n2022
outEast/n2023
outEast/n2024
outEast/n2025
outEast/n2026
outEast/n2027
outEast/n2028
outEast/n2029
outEast/n2030
outEast/n2031
outEast/n2032
outEast/n2033
outEast/n2034
outEast/n2035
outEast/n2036
outEast/n2037
outEast/n2038
outEast/n2039
outEast/n2040
outEast/n2041
outEast/n2042
outEast/n2043
outEast/n2044
outEast/n2045
outEast/n2046
outEast/n2047
outEast/n2048
outEast/n2049
outEast/n2050
outEast/n2051
outEast/n2052
outEast/n2053
outEast/n2054
outEast/n2055
outEast/n2056
outEast/n2057
outEast/n2058
outEast/n2059
outEast/n2060
outEast/n2061
outEast/n2062
outEast/n2063
outEast/n2064
outEast/n2065
outEast/n2066
outEast/n2067
outEast/n2068
outEast/n2069
outEast/n2070
outEast/n2071
outEast/n2072
outEast/n2073
outEast/n2074
outEast/n2075
outEast/n2076
outEast/n2077
outEast/n2078
outEast/n2079
outEast/n2080
outEast/n2081
outEast/n2082
outEast/n2083
outEast/n2084
outEast/n2085
outEast/n2086
outEast/n2087
outEast/n2088
outEast/n2089
outEast/n2090
outEast/n2091
outEast/n2092
outEast/n2093
outEast/n2094
outEast/n2095
outEast/n2096
outEast/n2097
outEast/n2098
outEast/n2099
outEast/n2100
outEast/n2101
outEast/n2102
outEast/n2103
outEast/n2104
outEast/n2105
outEast/n2106
outEast/n2107
outEast/n2108
outEast/n2109
outEast/n2110
outEast/n2111
outEast/n2112
outEast/n2113
outEast/n2114
outEast/n2115
outEast/n2116
outEast/n2117
outEast/n2118
outEast/n2119
outEast/n2120
outEast/n2121
outEast/n2122
outEast/n2123
outEast/n2124
outEast/n2125
outEast/n2126
outEast/n2127
outEast/n2128
outEast/n2129
outEast/n2130
outEast/n2131
outEast/n2132
outEast/n2133
outEast/n2134
outEast/n2135
outEast/n2136
outEast/n2137
outEast/n2138
outEast/n2139
outEast/n2140
outEast/n2141
outEast/n2142
outEast/n2143
outEast/n2144
outEast/n2145
outEast/n2146
outEast/n2147
outEast/n2148
outEast/n2149
outEast/n2150
outEast/n2151
outEast/n2152
outEast/n2153
outEast/n2154
outEast/n2155
outEast/n2156
outEast/n2157
outEast/n2158
outEast/n2159
outEast/n2160
outEast/n2161
outEast/n2162
outEast/n2163
outEast/n2164
outEast/n2165
outEast/n2166
outEast/n2167
outEast/n2168
outEast/n2169
outWest/N2624
outWest/n1
outWest/n2
outWest/n3
outWest/n4
outWest/n5
outWest/n6
outWest/n7
outWest/n8
outWest/n9
outWest/n10
outWest/n11
outWest/n12
outWest/n13
outWest/n15
outWest/n16
outWest/n17
outWest/n18
outWest/n19
outWest/n21
outWest/n22
outWest/n23
outWest/n24
outWest/n25
outWest/n27
outWest/n29
outWest/n32
outWest/n33
outWest/n35
outWest/n36
outWest/n38
outWest/n39
outWest/n40
outWest/n41
outWest/n42
outWest/n45
outWest/n46
outWest/n49
outWest/n50
outWest/n52
outWest/n54
outWest/n55
outWest/n56
outWest/n60
outWest/n61
outWest/n63
outWest/n64
outWest/n66
outWest/n67
outWest/n68
outWest/n71
outWest/n72
outWest/n76
outWest/n77
outWest/n79
outWest/n82
outWest/n84
outWest/n86
outWest/n87
outWest/n88
outWest/n89
outWest/n90
outWest/n91
outWest/n92
outWest/n93
outWest/n94
outWest/n95
outWest/n98
outWest/n99
outWest/n100
outWest/n106
outWest/n107
outWest/n108
outWest/n109
outWest/n111
outWest/n112
outWest/n114
outWest/n115
outWest/n117
outWest/n118
outWest/n120
outWest/n121
outWest/n123
outWest/n125
outWest/n126
outWest/n127
outWest/n128
outWest/n129
outWest/n131
outWest/n132
outWest/n133
outWest/n134
outWest/n135
outWest/n136
outWest/n137
outWest/n138
outWest/n139
outWest/n142
outWest/n143
outWest/n146
outWest/n147
outWest/n148
outWest/n149
outWest/n152
outWest/n153
outWest/n154
outWest/n156
outWest/n157
outWest/n158
outWest/n161
outWest/n162
outWest/n163
outWest/n167
outWest/n168
outWest/n169
outWest/n172
outWest/n173
outWest/n174
outWest/n177
outWest/n178
outWest/n179
outWest/n181
outWest/n182
outWest/n183
outWest/n184
outWest/n185
outWest/n186
outWest/n187
outWest/n188
outWest/n189
outWest/n191
outWest/n192
outWest/n193
outWest/n196
outWest/n197
outWest/n198
outWest/n202
outWest/n203
outWest/n204
outWest/n205
outWest/n207
outWest/n208
outWest/n210
outWest/n211
outWest/n213
outWest/n214
outWest/n216
outWest/n217
outWest/n220
outWest/n221
outWest/n222
outWest/n223
outWest/n224
outWest/n226
outWest/n227
outWest/n228
outWest/n230
outWest/n231
outWest/n233
outWest/n234
outWest/n238
outWest/n239
outWest/n241
outWest/n243
outWest/n244
outWest/n247
outWest/n248
outWest/n250
outWest/n251
outWest/n253
outWest/n255
outWest/n256
outWest/n259
outWest/n260
outWest/n263
outWest/n264
outWest/n267
outWest/n268
outWest/n269
outWest/n271
outWest/n273
outWest/n274
outWest/n275
outWest/n276
outWest/n277
outWest/n278
outWest/n280
outWest/n281
outWest/n283
outWest/n284
outWest/n287
outWest/n288
outWest/n289
outWest/n292
outWest/n293
outWest/n295
outWest/n296
outWest/n298
outWest/n299
outWest/n301
outWest/n302
outWest/n304
outWest/n305
outWest/n308
outWest/n309
outWest/n310
outWest/n311
outWest/n313
outWest/n315
outWest/n317
outWest/n318
outWest/n321
outWest/n322
outWest/n323
outWest/n324
outWest/n327
outWest/n328
outWest/n334
outWest/n335
outWest/n338
outWest/n341
outWest/n342
outWest/n343
outWest/n349
outWest/n350
outWest/n354
outWest/n355
outWest/n356
outWest/n361
outWest/n362
outWest/n367
outWest/n368
outWest/n374
outWest/n375
outWest/n381
outWest/n382
outWest/n383
outWest/n385
outWest/n386
outWest/n389
outWest/n391
outWest/n396
outWest/n398
outWest/n399
outWest/n400
outWest/n403
outWest/n404
outWest/n408
outWest/n409
outWest/n413
outWest/n414
outWest/n415
outWest/n420
outWest/n421
outWest/n423
outWest/n424
outWest/n425
outWest/n427
outWest/n428
outWest/n432
outWest/n433
outWest/n436
outWest/n437
outWest/n442
outWest/n443
outWest/n449
outWest/n456
outWest/n461
outWest/n465
outWest/n466
outWest/n468
outWest/n470
outWest/n471
outWest/n472
outWest/n474
outWest/n476
outWest/n477
outWest/n478
outWest/n479
outWest/n480
outWest/n481
outWest/n483
outWest/n484
outWest/n485
outWest/n486
outWest/n488
outWest/n489
outWest/n490
outWest/n491
outWest/n492
outWest/n493
outWest/n495
outWest/n496
outWest/n498
outWest/n506
outWest/n508
outWest/n509
outWest/n510
outWest/n514
outWest/n519
outWest/n520
outWest/n525
outWest/n530
outWest/n532
outWest/n534
outWest/n535
outWest/n536
outWest/n537
outWest/n538
outWest/n540
outWest/n541
outWest/n542
outWest/n543
outWest/n545
outWest/n548
outWest/n549
outWest/n550
outWest/n551
outWest/n552
outWest/n554
outWest/n555
outWest/n556
outWest/n557
outWest/n558
outWest/n559
outWest/n560
outWest/n561
outWest/n563
outWest/n564
outWest/n565
outWest/n575
outWest/n576
outWest/n577
outWest/n578
outWest/n579
outWest/n580
outWest/n581
outWest/n582
outWest/n583
outWest/n584
outWest/n585
outWest/n586
outWest/n587
outWest/n588
outWest/n589
outWest/n590
outWest/n592
outWest/n593
outWest/n594
outWest/n595
outWest/n596
outWest/n599
outWest/n600
outWest/n601
outWest/n604
outWest/n605
outWest/n606
outWest/n607
outWest/n608
outWest/n610
outWest/n611
outWest/n612
outWest/n614
outWest/n619
outWest/n620
outWest/n621
outWest/n622
outWest/n623
outWest/n625
outWest/n626
outWest/n627
outWest/n638
outWest/n639
outWest/n640
outWest/n641
outWest/n642
outWest/n644
outWest/n645
outWest/n646
outWest/n647
outWest/n649
outWest/n650
outWest/n651
outWest/n652
outWest/n653
outWest/n656
outWest/n657
outWest/n658
outWest/n662
outWest/n663
outWest/n664
outWest/n665
outWest/n666
outWest/n667
outWest/n668
outWest/n669
outWest/n684
outWest/n685
outWest/n686
outWest/n687
outWest/n688
outWest/n689
outWest/n690
outWest/n691
outWest/n693
outWest/n695
outWest/n696
outWest/n697
outWest/n698
outWest/n699
outWest/n700
outWest/n701
outWest/n702
outWest/n704
outWest/n705
outWest/n706
outWest/n710
outWest/n711
outWest/n712
outWest/n713
outWest/n714
outWest/n715
outWest/n716
outWest/n717
outWest/n721
outWest/n722
outWest/n723
outWest/n724
outWest/n725
outWest/n726
outWest/n727
outWest/n728
outWest/n729
outWest/n730
outWest/n731
outWest/n741
outWest/n742
outWest/n743
outWest/n744
outWest/n745
outWest/n747
outWest/n748
outWest/n749
outWest/n756
outWest/n757
outWest/n758
outWest/n759
outWest/n760
outWest/n762
outWest/n763
outWest/n764
outWest/n771
outWest/n772
outWest/n773
outWest/n774
outWest/n775
outWest/n776
outWest/n777
outWest/n778
outWest/n780
outWest/n781
outWest/n782
outWest/n783
outWest/n784
outWest/n786
outWest/n787
outWest/n788
outWest/n801
outWest/n802
outWest/n803
outWest/n804
outWest/n806
outWest/n807
outWest/n808
outWest/n820
outWest/n821
outWest/n822
outWest/n825
outWest/n826
outWest/n827
outWest/n831
outWest/n832
outWest/n833
outWest/n834
outWest/n837
outWest/n838
outWest/n839
outWest/n840
outWest/n842
outWest/n843
outWest/n844
outWest/n845
outWest/n849
outWest/n850
outWest/n851
outWest/n863
outWest/n865
outWest/n866
outWest/n867
outWest/n868
outWest/n873
outWest/n874
outWest/n875
outWest/n879
outWest/n880
outWest/n881
outWest/n882
outWest/n883
outWest/n884
outWest/n886
outWest/n887
outWest/n888
outWest/n890
outWest/n891
outWest/n892
outWest/n893
outWest/n894
outWest/n895
outWest/n896
outWest/n899
outWest/n900
outWest/n901
outWest/n902
outWest/n903
outWest/n904
outWest/n908
outWest/n909
outWest/n910
outWest/n911
outWest/n912
outWest/n913
outWest/n915
outWest/n916
outWest/n917
outWest/n918
outWest/n919
outWest/n920
outWest/n925
outWest/n926
outWest/n927
outWest/n933
outWest/n934
outWest/n935
outWest/n940
outWest/n941
outWest/n942
outWest/n946
outWest/n947
outWest/n948
outWest/n954
outWest/n955
outWest/n956
outWest/n961
outWest/n962
outWest/n963
outWest/n969
outWest/n970
outWest/n971
outWest/n974
outWest/n977
outWest/n978
outWest/n979
outWest/n983
outWest/n984
outWest/n985
outWest/n986
outWest/n987
outWest/n988
outWest/n991
outWest/n992
outWest/n993
outWest/n995
outWest/n996
outWest/n997
outWest/n1000
outWest/n1001
outWest/n1002
outWest/n1007
outWest/n1008
outWest/n1009
outWest/n1014
outWest/n1015
outWest/n1016
outWest/n1022
outWest/n1023
outWest/n1024
outWest/n1031
outWest/n1032
outWest/n1033
outWest/n1037
outWest/n1038
outWest/n1039
outWest/n1044
outWest/n1045
outWest/n1046
outWest/n1049
outWest/n1050
outWest/n1051
outWest/n1056
outWest/n1057
outWest/n1058
outWest/n1060
outWest/n1061
outWest/n1062
outWest/n1066
outWest/n1067
outWest/n1068
outWest/n1071
outWest/n1072
outWest/n1073
outWest/n1074
outWest/n1075
outWest/n1076
outWest/n1077
outWest/n1078
outWest/n1079
outWest/n1081
outWest/n1082
outWest/n1083
outWest/n1086
outWest/n1087
outWest/n1088
outWest/n1093
outWest/n1094
outWest/n1095
outWest/n1098
outWest/n1102
outWest/n1103
outWest/n1104
outWest/n1108
outWest/n1109
outWest/n1110
outWest/n1337
outWest/n1338
outWest/n1339
outWest/n1343
outWest/n1344
outWest/n1345
outWest/n1347
outWest/n1348
outWest/n1349
outWest/n1353
outWest/n1354
outWest/n1355
outWest/n1356
outWest/n1357
outWest/n1361
outWest/n1362
outWest/n1363
outWest/n1366
outWest/n1367
outWest/n1368
outWest/n1370
outWest/n1371
outWest/n1372
outWest/n1376
outWest/n1377
outWest/n1378
outWest/n1380
outWest/n1381
outWest/n1382
outWest/n1386
outWest/n1387
outWest/n1388
outWest/n1390
outWest/n1392
outWest/n1393
outWest/n1394
outWest/n1395
outWest/n1396
outWest/n1397
outWest/n1400
outWest/n1401
outWest/n1402
outWest/n1405
outWest/n1406
outWest/n1407
outWest/n1408
outWest/n1410
outWest/n1411
outWest/n1412
outWest/n1415
outWest/n1416
outWest/n1417
outWest/n1419
outWest/n1424
outWest/n1425
outWest/n1426
outWest/n1428
outWest/n1429
outWest/n1430
outWest/n1432
outWest/n1433
outWest/n1434
outWest/n1438
outWest/n1439
outWest/n1440
outWest/n1441
outWest/n1442
outWest/n1443
outWest/n1444
outWest/n1447
outWest/n1448
outWest/n1449
outWest/n1450
outWest/n1452
outWest/n1453
outWest/n1454
outWest/n1456
outWest/n1457
outWest/n1458
outWest/n1459
outWest/n1460
outWest/n1461
outWest/n1464
outWest/n1465
outWest/n1466
outWest/n1468
outWest/n1472
outWest/n1473
outWest/n1474
outWest/n1480
outWest/n1481
outWest/n1482
outWest/n1484
outWest/n1492
outWest/n1493
outWest/n1494
outWest/n1500
outWest/n1501
outWest/n1502
outWest/n1507
outWest/n1508
outWest/n1509
outWest/n1516
outWest/n1517
outWest/n1518
outWest/n1525
outWest/n1526
outWest/n1527
outWest/n1533
outWest/n1534
outWest/n1535
outWest/n1536
outWest/n1541
outWest/n1542
outWest/n1543
outWest/n1549
outWest/n1550
outWest/n1551
outWest/n1559
outWest/n1560
outWest/n1561
outWest/n1568
outWest/n1569
outWest/n1570
outWest/n1572
outWest/n1574
outWest/n1575
outWest/n1576
outWest/n1577
outWest/n1578
outWest/n1579
outWest/n1580
outWest/n1582
outWest/n1583
outWest/n1584
outWest/n1585
outWest/n1586
outWest/n1587
outWest/n1588
outWest/n1589
outWest/n1590
outWest/n1591
outWest/n1593
outWest/n1594
outWest/n1598
outWest/n1599
outWest/n1600
outWest/n1601
outWest/n1602
outWest/n1603
outWest/n1604
outWest/n1606
outWest/n1607
outWest/n1608
outWest/n1609
outWest/n1610
outWest/n1611
outWest/n1612
outWest/n1613
outWest/n1615
outWest/n1616
outWest/n1618
outWest/n1619
outWest/n1620
outWest/n1621
outWest/n1622
outWest/n1623
outWest/n1624
outWest/n1625
outWest/n1627
outWest/n1628
outWest/n1629
outWest/n1630
outWest/n1631
outWest/n1633
outWest/n1634
outWest/n1635
outWest/n1636
outWest/n1637
outWest/n1639
outWest/n1640
outWest/n1643
outWest/n1644
outWest/n1645
outWest/n1646
outWest/n1647
outWest/n1648
outWest/n1650
outWest/n1651
outWest/n1652
outWest/n1653
outWest/n1656
outWest/n1657
outWest/n1658
outWest/n1660
outWest/n1661
outWest/n1662
outWest/n1663
outWest/n1665
outWest/n1669
outWest/n1670
outWest/n1671
outWest/n1676
outWest/n1677
outWest/n1678
outWest/n1685
outWest/n1686
outWest/n1687
outWest/n1692
outWest/n1693
outWest/n1694
outWest/n1697
outWest/n1698
outWest/n1699
outWest/n1706
outWest/n1707
outWest/n1708
outWest/n1714
outWest/n1715
outWest/n1716
outWest/n1721
outWest/n1722
outWest/n1723
outWest/n1727
outWest/n1728
outWest/n1729
outWest/n1736
outWest/n1737
outWest/n1738
outWest/n1747
outWest/n1748
outWest/n1749
outWest/n1756
outWest/n1757
outWest/n1758
outWest/n1761
outWest/n1762
outWest/n1763
outWest/n1769
outWest/n1770
outWest/n1771
outWest/n1779
outWest/n1780
outWest/n1781
outWest/n1785
outWest/n1786
outWest/n1787
outWest/n1792
outWest/n1793
outWest/n1794
outWest/n1799
outWest/n1800
outWest/n1801
outWest/n1804
outWest/n1805
outWest/n1806
outWest/n1814
outWest/n1815
outWest/n1816
outWest/n1819
outWest/n1820
outWest/n1821
outWest/n1826
outWest/n1827
outWest/n1828
outWest/n1834
outWest/n1835
outWest/n1836
outWest/n1841
outWest/n1842
outWest/n1843
outWest/n1850
outWest/n1851
outWest/n1852
outWest/n1861
outWest/n1862
outWest/n1863
outWest/n1874
outWest/n1875
outWest/n1876
outWest/n1884
outWest/n1885
outWest/n1886
outWest/n1891
outWest/n1892
outWest/n1893
outWest/n1902
outWest/n1903
outWest/n1904
outWest/n1913
outWest/n1914
outWest/n1915
outWest/n1923
outWest/n1924
outWest/n1925
outWest/n1941
outWest/n1944
outWest/n1945
outWest/n1946
outWest/n1947
outWest/n1948
outWest/n1950
outWest/n1951
outWest/n1952
outWest/n1953
outWest/n1954
outWest/n1965
outWest/n1966
outWest/n1967
outWest/n1971
outWest/n1972
outWest/n1973
outWest/n1974
outWest/n1975
outWest/n1976
outWest/n1977
outWest/n1978
outWest/n1979
outWest/n1980
outWest/n1981
outWest/n1982
outWest/n1983
outWest/n1984
outWest/n1985
outWest/n1986
outWest/n1987
outWest/n1988
outWest/n1989
outWest/n1990
outWest/n1991
outWest/n1992
outWest/n1993
outWest/n1994
outWest/n1995
outWest/n1996
outWest/n1997
outWest/n1998
outWest/n1999
outWest/n2000
outWest/n2001
outWest/n2002
outWest/n2003
outWest/n2004
outWest/n2005
outWest/n2006
outWest/n2007
outWest/n2008
outWest/n2009
outWest/n2010
outWest/n2011
outWest/n2012
outWest/n2013
outWest/n2014
outWest/n2015
outWest/n2016
outWest/n2017
outWest/n2018
outWest/n2019
outWest/n2020
outWest/n2021
outWest/n2022
outWest/n2023
outWest/n2024
outWest/n2025
outWest/n2026
outWest/n2027
outWest/n2028
outWest/n2029
outWest/n2030
outWest/n2031
outWest/n2032
outWest/n2033
outWest/n2034
outWest/n2035
outWest/n2036
outWest/n2037
outWest/n2038
outWest/n2039
outWest/n2040
outWest/n2041
outWest/n2042
outWest/n2043
outWest/n2044
outWest/n2045
outWest/n2046
outWest/n2047
outWest/n2048
outWest/n2049
outWest/n2050
outWest/n2051
outWest/n2052
outWest/n2053
outWest/n2054
outWest/n2055
outWest/n2056
outWest/n2057
outWest/n2058
outWest/n2059
outWest/n2060
outWest/n2061
outWest/n2062
outWest/n2063
outWest/n2064
outWest/n2065
outWest/n2066
outWest/n2067
outWest/n2068
outWest/n2069
outWest/n2070
outWest/n2071
outWest/n2072
outWest/n2073
outWest/n2074
outWest/n2075
outWest/n2076
outWest/n2077
outWest/n2078
outWest/n2079
outWest/n2080
outWest/n2081
outWest/n2082
outWest/n2083
outWest/n2084
outWest/n2085
outWest/n2086
outWest/n2087
outWest/n2088
outWest/n2089
outWest/n2090
outWest/n2091
outWest/n2092
outWest/n2093
outWest/n2094
outWest/n2095
outWest/n2096
outWest/n2097
outWest/n2098
outWest/n2099
outWest/n2100
outWest/n2101
outWest/n2102
outWest/n2103
outWest/n2104
outWest/n2105
outWest/n2106
outWest/n2107
outWest/n2108
outWest/n2109
outWest/n2110
outWest/n2111
outWest/n2112
outWest/n2113
outWest/n2114
outWest/n2115
outWest/n2116
outWest/n2117
outWest/n2118
outWest/n2119
outWest/n2120
outWest/n2121
outWest/n2122
outWest/n2123
outWest/n2124
outWest/n2125
outWest/n2126
outWest/n2127
outWest/n2128
outWest/n2129
outWest/n2130
outWest/n2131
outWest/n2132
outWest/n2133
outWest/n2134
outWest/n2135
outWest/n2136
outWest/n2137
outWest/n2138
outWest/n2139
outWest/n2140
outWest/n2141
outWest/n2142
outWest/n2143
outWest/n2144
outWest/n2145
outWest/n2146
outWest/n2147
outWest/n2148
outWest/n2149
outWest/n2150
outWest/n2151
outWest/n2152
outWest/n2153
outWest/n2154
outWest/n2155
outWest/n2156
outWest/n2157
outWest/n2158
outWest/n2159
outWest/n2160
outWest/n2161
outWest/n2162
outWest/n2163
outWest/n2164
outWest/n2165
outWest/n2166
outWest/n2167
outWest/n2168
outWest/n2169
outWest/n2170
outWest/n2171
outWest/n2172
outWest/n2173
outWest/n2174
outWest/n2175
outWest/n2176
outWest/n2177
outWest/n2178
outWest/n2179
outWest/n2180
outWest/n2181
outWest/n2182
outWest/n2183
outWest/n2184
outWest/n2185
outWest/n2186
