###############################################################
#  Generated by:      Cadence Encounter 14.23-s044_1
#  OS:                Linux x86_64(Host ID cadpc05)
#  Generated on:      Thu May 16 16:09:41 2019
#  Design:            router
#  Command:           verifyProcessAntenna
###############################################################
dataIn_NORTH[20] (2)
  dataInBuffer_NORTH_reg[20]  (DFFTRX2TS) D
[1]        M2:  Area:    8.82  S.Area:   32.93  G.Area:    0.06  D.Area:    0.00
                Fact:    1.00     PAR:  153.12   Ratio:  148.00       (Area)
dataIn_EAST[25] (2)
  dataInBuffer_EAST_reg[25]  (DFFTRX2TS) D
[1]        M3:  Area:    9.08  S.Area:   33.74  G.Area:    0.06  D.Area:    0.00
                Fact:    1.00     PAR:  157.64   Ratio:  148.00       (Area)
destinationAddressInBuffer_WEST[1] (46)
  outNorth/U3647  (AOI22X1TS) B1
[1]        MQ:  Area:   25.76  S.Area:   85.54  G.Area:    0.17  D.Area:    0.00
                Fact:    1.00     PAR:  149.07   Ratio:  148.00       (Area)
cacheController/n3344 (2)
  cacheController/prevMemRead_B_reg  (DFFNSRX2TS) D
[1]        M2:  Area:    8.68  S.Area:   32.26  G.Area:    0.06  D.Area:    0.00
                Fact:    1.00     PAR:  150.69   Ratio:  148.00       (Area)
cacheController/N10195 (2)
  cacheController/dataOut_Concatenated_reg[3][10]  (TLATXLTS) D
[1]        MQ:  Area:    8.64  S.Area:   29.04  G.Area:    0.06  D.Area:    0.00
                Fact:    1.00     PAR:  150.00   Ratio:  148.00       (Area)
cacheController/N10189 (2)
  cacheController/dataOut_Concatenated_reg[3][4]  (TLATXLTS) D
[1]        MQ:  Area:    8.96  S.Area:   30.10  G.Area:    0.06  D.Area:    0.00
                Fact:    1.00     PAR:  155.56   Ratio:  148.00       (Area)

Total number of process antenna violations: 6
   Number of pins violated: 6
   Number of nets violated: 6
