###############################################################
#  Generated by:      Cadence Encounter 14.23-s044_1
#  OS:                Linux x86_64(Host ID cadpc05)
#  Generated on:      Thu May 16 15:43:17 2019
#  Design:            router
#  Command:           report_timing > "$designName.setup.rpt"
###############################################################
Path 1: VIOLATED Setup Check with Pin inSouth/outputPortSelect_reg[2]/CK 
Endpoint:   inSouth/outputPortSelect_reg[2]/D (^) checked with trailing edge of 
'clk'
Beginpoint: reset                             (v) triggered by  leading edge of 
'clk'
Analysis View: typical
Other End Arrival Time          7.334
- Setup                         1.157
+ Phase Shift                   0.000
= Required Time                 6.178
- Arrival Time                 46.752
= Slack Time                  -40.575
     Clock Rise Edge                      0.000
     + Input Delay                        0.050
     = Beginpoint Arrival Time            0.050
     +------------------------------------------------------------------------------------------+ 
     |            Instance             |     Arc     |    Cell    |  Delay | Arrival | Required | 
     |                                 |             |            |        |  Time   |   Time   | 
     |---------------------------------+-------------+------------+--------+---------+----------| 
     |                                 | reset v     |            |        |   0.050 |  -40.525 | 
     | U287                            | A v -> Y ^  | INVXLTS    | 25.168 |  25.218 |  -15.357 | 
     | inSouth/U15                     | B0 ^ -> Y v | OAI21XLTS  | 16.018 |  41.236 |    0.661 | 
     | inSouth/U12                     | AN v -> Y v | NAND3BX1TS |  3.351 |  44.587 |    4.012 | 
     | inSouth/U9                      | A v -> Y ^  | NOR2X1TS   |  2.159 |  46.746 |    6.171 | 
     | inSouth/outputPortSelect_reg[2] | D ^         | DFFQX1TS   |  0.007 |  46.752 |    6.178 | 
     +------------------------------------------------------------------------------------------+ 

