6:43:24 AM - ARM Physical IP, Inc.
6:43:25 AM - Linux cadpc05 2.6.32-754.11.1.el6.x86_64 #1 SMP Tue Feb 26 15:38:56 UTC 2019 x86_64 x86_64 x86_64 GNU/Linux
6:43:25 AM - Version 2008Q3V1
6:43:25 AM - GUI version 5.6.13
6:43:25 AM - 
6:43:25 AM - CONFIDENTIAL AND PROPRIETARY SOFTWARE OF ARM PHYSICAL IP, INC.
6:43:25 AM - 
6:43:25 AM - Copyright (c) 1993 - 2019 ARM Physical IP, Inc.  All Rights Reserved.
6:43:25 AM - 
6:43:25 AM - Use of this Software is subject to the terms and conditions of the
6:43:25 AM - applicable license agreement with ARM Physical IP, Inc. 
6:43:25 AM - In addition, this Software is protected by patents, copyright law 
6:43:25 AM - and international treaties.
6:43:25 AM - 
6:43:25 AM - The copyright notice(s) in this Software does not indicate actual or
6:43:25 AM - intended publication of this Software.
6:43:25 AM - 
6:43:25 AM - High Speed/Density Single Port Register File Generator, IBM CMRF8SF-LPVT Process
6:43:25 AM - 
6:43:25 AM - Log file is ACI.log
6:43:25 AM - 
